Using pre-set license
Built from '2020.3/staging' branch; Version is '2020.3.11f1 (99c7afb366b3) revision 10078127'; Using compiler version '192528614'; Build Type 'Release'
OS: 'Windows 10 Home; OS build 19042.1237; Version 2009; 64bit' Language: 'es' Physical Memory: 16230 MB
BatchMode: 1, IsHumanControllingUs: 0, StartBugReporterOnCrash: 0, Is64bit: 1, IsPro: 0

 COMMAND LINE ARGUMENTS:
D:\Unity\2020.3.11f1\Editor\Unity.exe
-adb2
-batchMode
-noUpm
-name
AssetImportWorker0
-projectPath
D:/Github/Flocking/Flocking
-logFile
Logs/AssetImportWorker0.log
-srvPort
62560
Successfully changed project path to: D:/Github/Flocking/Flocking
D:/Github/Flocking/Flocking
Using Asset Import Pipeline V2.
Refreshing native plugins compatible for Editor in 74.50 ms, found 3 plugins.
Preloading 0 native plugins for Editor in 0.00 ms.
Initialize engine version: 2020.3.11f1 (99c7afb366b3)
[Subsystems] Discovering subsystems at path D:/Unity/2020.3.11f1/Editor/Data/Resources/UnitySubsystems
[Subsystems] Discovering subsystems at path D:/Github/Flocking/Flocking/Assets
GfxDevice: creating device client; threaded=0
Direct3D:
    Version:  Direct3D 11.0 [level 11.1]
    Renderer: NVIDIA GeForce GTX 1060 (ID=0x1c20)
    Vendor:   
    VRAM:     6052 MB
    Driver:   27.21.14.6192
Initialize mono
Mono path[0] = 'D:/Unity/2020.3.11f1/Editor/Data/Managed'
Mono path[1] = 'D:/Unity/2020.3.11f1/Editor/Data/MonoBleedingEdge/lib/mono/unityjit'
Mono config path = 'D:/Unity/2020.3.11f1/Editor/Data/MonoBleedingEdge/etc'
Using monoOptions --debugger-agent=transport=dt_socket,embedding=1,server=y,suspend=n,address=127.0.0.1:56416
Begin MonoManager ReloadAssembly
Registering precompiled unity dll's ...
Register platform support module: D:/Unity/2020.3.11f1/Editor/Data/PlaybackEngines/WindowsStandaloneSupport/UnityEditor.WindowsStandalone.Extensions.dll
Registered in 0.001216 seconds.
Native extension for WindowsStandalone target not found
Refreshing native plugins compatible for Editor in 87.66 ms, found 3 plugins.
Preloading 0 native plugins for Editor in 0.00 ms.
Mono: successfully reloaded assembly
- Completed reload, in  1.184 seconds
Platform modules already initialized, skipping
Registering precompiled user dll's ...
Registered in 0.005182 seconds.
Begin MonoManager ReloadAssembly
Symbol file LoadedFromMemory doesn't match image D:\Github\Flocking\Flocking\Library\PackageCache\com.unity.visualscripting@1.6.1\Editor\VisualScripting.Core\Dependencies\YamlDotNet\Unity.VisualScripting.YamlDotNet.dll
Symbol file LoadedFromMemory doesn't match image D:\Github\Flocking\Flocking\Library\PackageCache\com.unity.visualscripting@1.6.1\Editor\VisualScripting.Core\Dependencies\DotNetZip\Unity.VisualScripting.IonicZip.dll
Native extension for WindowsStandalone target not found
Refreshing native plugins compatible for Editor in 0.54 ms, found 3 plugins.
Preloading 0 native plugins for Editor in 0.00 ms.
Mono: successfully reloaded assembly
- Completed reload, in  1.097 seconds
Platform modules already initialized, skipping
========================================================================
Worker process is ready to serve import requests
Launched and connected shader compiler UnityShaderCompiler.exe after 0.06 seconds
Refreshing native plugins compatible for Editor in 0.59 ms, found 3 plugins.
Preloading 0 native plugins for Editor in 0.00 ms.
Unloading 2940 Unused Serialized files (Serialized files now loaded: 0)
System memory in use before: 104.1 MB.
System memory in use after: 104.2 MB.

Unloading 23 unused Assets to reduce memory usage. Loaded Objects now: 3368.
Total: 2.266300 ms (FindLiveObjects: 0.290500 ms CreateObjectMapping: 0.138700 ms MarkObjects: 1.757600 ms  DeleteObjects: 0.078500 ms)

========================================================================
Received Import Request.
  path: Assets/Dreamhouse.fbx
  artifactKey: Guid(576dbe8554b90224c8f1afa93a107a3a) Importer(815301076,1909f56bfc062723c751e8b465ee728b)
Start importing Assets/Dreamhouse.fbx using Guid(576dbe8554b90224c8f1afa93a107a3a) Importer(815301076,1909f56bfc062723c751e8b465ee728b)  -> (artifact id: 'e93968c9c44db5ef8d15e09cbebe49ae') in 2.412120 seconds
  Import took 2.419545 seconds .

========================================================================
Received Import Request.
  Time since last request: 0.000323 seconds.
  path: Assets/glass.mat
  artifactKey: Guid(33ef81769f6dff742ad540d50ccb7eb2) Importer(815301076,1909f56bfc062723c751e8b465ee728b)
Start importing Assets/glass.mat using Guid(33ef81769f6dff742ad540d50ccb7eb2) Importer(815301076,1909f56bfc062723c751e8b465ee728b)  -> (artifact id: 'bae818ba18072bf593daa47b324129a3') in 0.328872 seconds
  Import took 0.334893 seconds .

========================================================================
Received Import Request.
  Time since last request: 214.935948 seconds.
  path: Assets
  artifactKey: Guid(00000000000000001000000000000000) Importer(815301076,1909f56bfc062723c751e8b465ee728b)
Start importing Assets using Guid(00000000000000001000000000000000) Importer(815301076,1909f56bfc062723c751e8b465ee728b)  -> (artifact id: '42d402b061de3733987d63b9cc3b64de') in 0.006260 seconds
  Import took 0.011188 seconds .

========================================================================
Received Import Request.
  Time since last request: 10.571784 seconds.
  path: Assets/colgador.controller
  artifactKey: Guid(a40ce136e0ee8294da66aff17f3bb39d) Importer(815301076,1909f56bfc062723c751e8b465ee728b)
Start importing Assets/colgador.controller using Guid(a40ce136e0ee8294da66aff17f3bb39d) Importer(815301076,1909f56bfc062723c751e8b465ee728b)  -> (artifact id: '4e98a1be28e7d02cd100cdd207f76796') in 0.014052 seconds
  Import took 0.020875 seconds .

========================================================================
Received Import Request.
  Time since last request: 65.357760 seconds.
  path: Assets/rotation.anim
  artifactKey: Guid(fa0db9426c18f9c4fad208d37d0a801b) Importer(815301076,1909f56bfc062723c751e8b465ee728b)
Start importing Assets/rotation.anim using Guid(fa0db9426c18f9c4fad208d37d0a801b) Importer(815301076,1909f56bfc062723c751e8b465ee728b)  -> (artifact id: '7bd22b1d518f035a065ebbc02b5b3eb8') in 0.009789 seconds
  Import took 0.014677 seconds .

========================================================================
Received Prepare
Registering precompiled user dll's ...
Registered in 0.005081 seconds.
Begin MonoManager ReloadAssembly
Symbol file LoadedFromMemory doesn't match image D:\Github\Flocking\Flocking\Library\PackageCache\com.unity.visualscripting@1.6.1\Editor\VisualScripting.Core\Dependencies\YamlDotNet\Unity.VisualScripting.YamlDotNet.dll
Symbol file LoadedFromMemory doesn't match image D:\Github\Flocking\Flocking\Library\PackageCache\com.unity.visualscripting@1.6.1\Editor\VisualScripting.Core\Dependencies\DotNetZip\Unity.VisualScripting.IonicZip.dll
Native extension for WindowsStandalone target not found
Refreshing native plugins compatible for Editor in 0.57 ms, found 3 plugins.
Preloading 0 native plugins for Editor in 0.00 ms.
Mono: successfully reloaded assembly
- Completed reload, in  0.979 seconds
Platform modules already initialized, skipping
Refreshing native plugins compatible for Editor in 0.54 ms, found 3 plugins.
Preloading 0 native plugins for Editor in 0.00 ms.
Unloading 2935 Unused Serialized files (Serialized files now loaded: 0)
System memory in use before: 107.6 MB.
System memory in use after: 107.8 MB.

Unloading 18 unused Assets to reduce memory usage. Loaded Objects now: 3414.
Total: 3.789900 ms (FindLiveObjects: 0.297000 ms CreateObjectMapping: 0.146700 ms MarkObjects: 3.281500 ms  DeleteObjects: 0.063500 ms)

========================================================================
Received Import Request.
  Time since last request: 1295.415050 seconds.
  path: Assets/aquarium.fbx
  artifactKey: Guid(18fd9d684d0d3f047aa08115a8c2a29a) Importer(815301076,1909f56bfc062723c751e8b465ee728b)
Start importing Assets/aquarium.fbx using Guid(18fd9d684d0d3f047aa08115a8c2a29a) Importer(815301076,1909f56bfc062723c751e8b465ee728b)  -> (artifact id: 'b5f79d5866602c6f6984ba33071ee6a4') in 2.650332 seconds
  Import took 2.658948 seconds .

========================================================================
Received Import Request.
  Time since last request: 364.354395 seconds.
  path: Assets/burbujas.controller
  artifactKey: Guid(5c10ca1b8dd05ee42ad22cdef4150967) Importer(815301076,1909f56bfc062723c751e8b465ee728b)
Start importing Assets/burbujas.controller using Guid(5c10ca1b8dd05ee42ad22cdef4150967) Importer(815301076,1909f56bfc062723c751e8b465ee728b)  -> (artifact id: '7fe089f7ecc1d125bf37481d1312c877') in 0.009692 seconds
  Import took 0.015304 seconds .

========================================================================
Received Import Request.
  Time since last request: 78.454484 seconds.
  path: Assets/disappear_appear.anim
  artifactKey: Guid(6b29371d02eed7f47a8de5e6bda0aea9) Importer(815301076,1909f56bfc062723c751e8b465ee728b)
Start importing Assets/disappear_appear.anim using Guid(6b29371d02eed7f47a8de5e6bda0aea9) Importer(815301076,1909f56bfc062723c751e8b465ee728b)  -> (artifact id: '3dd9aa3a2cb89cda5cc1cb1268a3205e') in 0.006728 seconds
  Import took 0.011675 seconds .

========================================================================
Received Import Request.
  Time since last request: 217.212423 seconds.
  path: Assets/Alstra Infinite/Fish - PolyPack/Materials/Main.mat
  artifactKey: Guid(284830dd46ce77c4696ef63853c7cf5e) Importer(815301076,1909f56bfc062723c751e8b465ee728b)
Start importing Assets/Alstra Infinite/Fish - PolyPack/Materials/Main.mat using Guid(284830dd46ce77c4696ef63853c7cf5e) Importer(815301076,1909f56bfc062723c751e8b465ee728b)  -> (artifact id: 'ba5306e428baa9614c460545afcca4bb') in 0.024748 seconds
  Import took 0.031595 seconds .

========================================================================
Received Import Request.
  Time since last request: 1.820684 seconds.
  path: Assets/Alstra Infinite/Fish - PolyPack/Models/SharkV1.fbx
  artifactKey: Guid(ca38d4485fce19f4aa0d3d7bdd8b6cf2) Importer(815301076,1909f56bfc062723c751e8b465ee728b)
Start importing Assets/Alstra Infinite/Fish - PolyPack/Models/SharkV1.fbx using Guid(ca38d4485fce19f4aa0d3d7bdd8b6cf2) Importer(815301076,1909f56bfc062723c751e8b465ee728b)  -> (artifact id: 'ea4444e76f216eb83d1b02d2f5176d2f') in 0.024843 seconds
  Import took 0.030085 seconds .

========================================================================
Received Import Request.
  Time since last request: 0.000310 seconds.
  path: Assets/Alstra Infinite/Fish - PolyPack/Models/FishV1.fbx
  artifactKey: Guid(38f74cd884cda8242b4fdc167c4962f8) Importer(815301076,1909f56bfc062723c751e8b465ee728b)
Start importing Assets/Alstra Infinite/Fish - PolyPack/Models/FishV1.fbx using Guid(38f74cd884cda8242b4fdc167c4962f8) Importer(815301076,1909f56bfc062723c751e8b465ee728b)  -> (artifact id: 'f2e35a199112e2370919459580c87d07') in 0.024230 seconds
  Import took 0.029441 seconds .

========================================================================
Received Import Request.
  Time since last request: 0.000350 seconds.
  path: Assets/Alstra Infinite/Fish - PolyPack/Models/FishV2.fbx
  artifactKey: Guid(a8fd0d08c30426d4c978a4998752cf7d) Importer(815301076,1909f56bfc062723c751e8b465ee728b)
Start importing Assets/Alstra Infinite/Fish - PolyPack/Models/FishV2.fbx using Guid(a8fd0d08c30426d4c978a4998752cf7d) Importer(815301076,1909f56bfc062723c751e8b465ee728b)  -> (artifact id: '9f3e342c6c30aa4f542cc2ac2a3731ac') in 0.114738 seconds
  Import took 0.119575 seconds .

========================================================================
Received Import Request.
  Time since last request: 0.000218 seconds.
  path: Assets/Alstra Infinite/Fish - PolyPack/Models/FishV4.fbx
  artifactKey: Guid(ea93ead513f04c9478f78e3f40ba5b11) Importer(815301076,1909f56bfc062723c751e8b465ee728b)
Start importing Assets/Alstra Infinite/Fish - PolyPack/Models/FishV4.fbx using Guid(ea93ead513f04c9478f78e3f40ba5b11) Importer(815301076,1909f56bfc062723c751e8b465ee728b)  -> (artifact id: 'b35e26f21fbbb3c965f360e15051a08f') in 0.020361 seconds
  Import took 0.025279 seconds .

========================================================================
Received Import Request.
  Time since last request: 0.000310 seconds.
  path: Assets/Alstra Infinite/Fish - PolyPack/Models/SharkV1.fbx
  artifactKey: Guid(ca38d4485fce19f4aa0d3d7bdd8b6cf2) Importer(815301076,1909f56bfc062723c751e8b465ee728b)
Start importing Assets/Alstra Infinite/Fish - PolyPack/Models/SharkV1.fbx using Guid(ca38d4485fce19f4aa0d3d7bdd8b6cf2) Importer(815301076,1909f56bfc062723c751e8b465ee728b)  -> (artifact id: 'ea4444e76f216eb83d1b02d2f5176d2f') in 0.032778 seconds
  Import took 0.038640 seconds .

========================================================================
Received Import Request.
  Time since last request: 0.000325 seconds.
  path: Assets/Alstra Infinite/Fish - PolyPack/Models/FishV3.fbx
  artifactKey: Guid(ae51ad94fa7d3764d957aa512d506d00) Importer(815301076,1909f56bfc062723c751e8b465ee728b)
Start importing Assets/Alstra Infinite/Fish - PolyPack/Models/FishV3.fbx using Guid(ae51ad94fa7d3764d957aa512d506d00) Importer(815301076,1909f56bfc062723c751e8b465ee728b)  -> (artifact id: 'ffa163a4ffd7bebd765ad60f971c441d') in 0.025156 seconds
  Import took 0.031274 seconds .

========================================================================
Received Import Request.
  Time since last request: 0.043468 seconds.
  path: Assets/Alstra Infinite/Fish - PolyPack/Scene/ShowcaseFloor.mat
  artifactKey: Guid(0982336231d4218459d2001ee76293b3) Importer(815301076,1909f56bfc062723c751e8b465ee728b)
Start importing Assets/Alstra Infinite/Fish - PolyPack/Scene/ShowcaseFloor.mat using Guid(0982336231d4218459d2001ee76293b3) Importer(815301076,1909f56bfc062723c751e8b465ee728b)  -> (artifact id: '2d459d0d34dd55ef6663faa8b59dc0c3') in 0.013719 seconds
  Import took 0.019040 seconds .

========================================================================
Received Import Request.
  Time since last request: 0.001931 seconds.
  path: Assets/Alstra Infinite/Fish - PolyPack/Scene/ShowcaseFloor.mat
  artifactKey: Guid(0982336231d4218459d2001ee76293b3) Importer(815301076,1909f56bfc062723c751e8b465ee728b)
Start importing Assets/Alstra Infinite/Fish - PolyPack/Scene/ShowcaseFloor.mat using Guid(0982336231d4218459d2001ee76293b3) Importer(815301076,1909f56bfc062723c751e8b465ee728b)  -> (artifact id: '2d459d0d34dd55ef6663faa8b59dc0c3') in 0.028657 seconds
  Import took 0.033743 seconds .

========================================================================
Received Import Request.
  Time since last request: 420.483837 seconds.
  path: Assets/Jiggly Bubble Free
  artifactKey: Guid(b9700137cb37b2940926d62f5c5316b3) Importer(815301076,1909f56bfc062723c751e8b465ee728b)
Start importing Assets/Jiggly Bubble Free using Guid(b9700137cb37b2940926d62f5c5316b3) Importer(815301076,1909f56bfc062723c751e8b465ee728b)  -> (artifact id: '5b353d16613fff5b42399a12f3d0e3d2') in 0.006847 seconds
  Import took 0.013448 seconds .

========================================================================
Received Import Request.
  Time since last request: 0.001181 seconds.
  path: Assets/Jiggly Bubble Free
  artifactKey: Guid(b9700137cb37b2940926d62f5c5316b3) Importer(815301076,1909f56bfc062723c751e8b465ee728b)
Start importing Assets/Jiggly Bubble Free using Guid(b9700137cb37b2940926d62f5c5316b3) Importer(815301076,1909f56bfc062723c751e8b465ee728b)  -> (artifact id: '5b353d16613fff5b42399a12f3d0e3d2') in 0.002789 seconds
  Import took 0.007713 seconds .

========================================================================
Received Import Request.
  Time since last request: 0.924153 seconds.
  path: Assets/Jiggly Bubble Free/Prefabs
  artifactKey: Guid(9aa99ff339c496445b6cb30879b5330a) Importer(815301076,1909f56bfc062723c751e8b465ee728b)
Start importing Assets/Jiggly Bubble Free/Prefabs using Guid(9aa99ff339c496445b6cb30879b5330a) Importer(815301076,1909f56bfc062723c751e8b465ee728b)  -> (artifact id: '1560f156a5236fa4b28243b769a97d99') in 0.007224 seconds
  Import took 0.012288 seconds .

========================================================================
Received Import Request.
  Time since last request: 0.030928 seconds.
  path: Assets/Jiggly Bubble Free/Prefabs/Particle jiggly bubble soapy cubemap skybox.prefab
  artifactKey: Guid(d8b56b4d9f7ade24082aebbe30daa6c3) Importer(815301076,1909f56bfc062723c751e8b465ee728b)
Start importing Assets/Jiggly Bubble Free/Prefabs/Particle jiggly bubble soapy cubemap skybox.prefab using Guid(d8b56b4d9f7ade24082aebbe30daa6c3) Importer(815301076,1909f56bfc062723c751e8b465ee728b)  -> (artifact id: 'de7bea2c3d1a84e1ca3b8de4d2eea2e0') in 0.013652 seconds
  Import took 0.018488 seconds .

========================================================================
Received Import Request.
  Time since last request: 0.000239 seconds.
  path: Assets/Jiggly Bubble Free/Prefabs/Particle jiggly bubble soapy cubemap.prefab
  artifactKey: Guid(d7689380619fd894c8508730e2bed11f) Importer(815301076,1909f56bfc062723c751e8b465ee728b)
Start importing Assets/Jiggly Bubble Free/Prefabs/Particle jiggly bubble soapy cubemap.prefab using Guid(d7689380619fd894c8508730e2bed11f) Importer(815301076,1909f56bfc062723c751e8b465ee728b)  -> (artifact id: 'd9d5b5ac18604f29e37a68771280451f') in 0.007415 seconds
  Import took 0.011967 seconds .

========================================================================
Received Import Request.
  Time since last request: 0.000248 seconds.
  path: Assets/Jiggly Bubble Free/Prefabs/Particle jiggly bubble soapy.prefab
  artifactKey: Guid(0d1adb20421ed664b800c8cf3d103e70) Importer(815301076,1909f56bfc062723c751e8b465ee728b)
Start importing Assets/Jiggly Bubble Free/Prefabs/Particle jiggly bubble soapy.prefab using Guid(0d1adb20421ed664b800c8cf3d103e70) Importer(815301076,1909f56bfc062723c751e8b465ee728b)  -> (artifact id: '21a810e8b38d5f6972346be8ae1248cd') in 0.007073 seconds
  Import took 0.011755 seconds .

========================================================================
Received Import Request.
  Time since last request: 1.267321 seconds.
  path: Assets/Jiggly Bubble Free/Materials/bubble cubemap.mat
  artifactKey: Guid(45ef1c220d547b848854241c81d513f0) Importer(815301076,1909f56bfc062723c751e8b465ee728b)
Start importing Assets/Jiggly Bubble Free/Materials/bubble cubemap.mat using Guid(45ef1c220d547b848854241c81d513f0) Importer(815301076,1909f56bfc062723c751e8b465ee728b)  -> (artifact id: 'fd1358865176a5fc084c5bd07eb3dd92') in 0.014442 seconds
  Import took 0.019141 seconds .

========================================================================
Received Import Request.
  Time since last request: 3.347014 seconds.
  path: Assets/Jiggly Bubble Free/Materials/bubble.mat
  artifactKey: Guid(cec0b2c714b441240b98d7c904818225) Importer(815301076,1909f56bfc062723c751e8b465ee728b)
Start importing Assets/Jiggly Bubble Free/Materials/bubble.mat using Guid(cec0b2c714b441240b98d7c904818225) Importer(815301076,1909f56bfc062723c751e8b465ee728b)  -> (artifact id: 'fc861664d4e5643d7d45c3aa42707e36') in 0.052785 seconds
  Import took 0.057856 seconds .

========================================================================
Received Import Request.
  Time since last request: 0.001556 seconds.
  path: Assets/Jiggly Bubble Free/Materials/bubble.mat
  artifactKey: Guid(cec0b2c714b441240b98d7c904818225) Importer(815301076,1909f56bfc062723c751e8b465ee728b)
Start importing Assets/Jiggly Bubble Free/Materials/bubble.mat using Guid(cec0b2c714b441240b98d7c904818225) Importer(815301076,1909f56bfc062723c751e8b465ee728b)  -> (artifact id: 'fc861664d4e5643d7d45c3aa42707e36') in 0.055207 seconds
  Import took 0.061614 seconds .

========================================================================
Received Import Request.
  Time since last request: 1.534528 seconds.
  path: Assets/Jiggly Bubble Free/Materials/bubble cubemap skybox.mat
  artifactKey: Guid(f955a97081915034a98a5885275adb9d) Importer(815301076,1909f56bfc062723c751e8b465ee728b)
Start importing Assets/Jiggly Bubble Free/Materials/bubble cubemap skybox.mat using Guid(f955a97081915034a98a5885275adb9d) Importer(815301076,1909f56bfc062723c751e8b465ee728b)  -> (artifact id: 'fd9686de4f8c7662d43624271b369c3d') in 0.013302 seconds
  Import took 0.018734 seconds .

========================================================================
Received Import Request.
  Time since last request: 1013.535753 seconds.
  path: Assets/Jiggly Bubble Free/Prefabs/Particle jiggly bubble soapy cubemap skybox.prefab
  artifactKey: Guid(d8b56b4d9f7ade24082aebbe30daa6c3) Importer(815301076,1909f56bfc062723c751e8b465ee728b)
Start importing Assets/Jiggly Bubble Free/Prefabs/Particle jiggly bubble soapy cubemap skybox.prefab using Guid(d8b56b4d9f7ade24082aebbe30daa6c3) Importer(815301076,1909f56bfc062723c751e8b465ee728b)  -> (artifact id: '455d234cc7e5ea49171dd77ba0c126b9') in 0.007058 seconds
  Import took 0.013582 seconds .

========================================================================
Received Import Request.
  Time since last request: 5.902167 seconds.
  path: Assets/Jiggly Bubble Free/Prefabs/Particle jiggly bubble soapy cubemap skybox.prefab
  artifactKey: Guid(d8b56b4d9f7ade24082aebbe30daa6c3) Importer(815301076,1909f56bfc062723c751e8b465ee728b)
Start importing Assets/Jiggly Bubble Free/Prefabs/Particle jiggly bubble soapy cubemap skybox.prefab using Guid(d8b56b4d9f7ade24082aebbe30daa6c3) Importer(815301076,1909f56bfc062723c751e8b465ee728b)  -> (artifact id: 'c14c17f4591e9f3dd81d4892b020cc1d') in 0.005751 seconds
  Import took 0.010768 seconds .

========================================================================
Received Import Request.
  Time since last request: 747.806875 seconds.
  path: Assets/Jiggly Bubble Free/Materials/bubble_sheet.mat
  artifactKey: Guid(57f73b2c859446646ab31ce06c104c83) Importer(815301076,1909f56bfc062723c751e8b465ee728b)
Start importing Assets/Jiggly Bubble Free/Materials/bubble_sheet.mat using Guid(57f73b2c859446646ab31ce06c104c83) Importer(815301076,1909f56bfc062723c751e8b465ee728b)  -> (artifact id: '07c068eb4fe09af55b670a2a5c73ba1b') in 0.027995 seconds
  Import took 0.034565 seconds .

========================================================================
Received Import Request.
  Time since last request: 661.737939 seconds.
  path: Assets/SkySerie Freebie/SkyhighFluffycloudField.mat
  artifactKey: Guid(f15c336556dd74f40aaca655f7767970) Importer(815301076,1909f56bfc062723c751e8b465ee728b)
Start importing Assets/SkySerie Freebie/SkyhighFluffycloudField.mat using Guid(f15c336556dd74f40aaca655f7767970) Importer(815301076,1909f56bfc062723c751e8b465ee728b)  -> (artifact id: '9eb5f586fdf3dff3a407abce384783e0') in 0.095163 seconds
  Import took 0.104032 seconds .

========================================================================
Received Import Request.
  Time since last request: 0.000318 seconds.
  path: Assets/SkySerie Freebie/UnderTheSea4k.mat
  artifactKey: Guid(119ec07f1c7ed204db46bd8465fd5a50) Importer(815301076,1909f56bfc062723c751e8b465ee728b)
Start importing Assets/SkySerie Freebie/UnderTheSea4k.mat using Guid(119ec07f1c7ed204db46bd8465fd5a50) Importer(815301076,1909f56bfc062723c751e8b465ee728b)  -> (artifact id: 'a1f4c348ee9d411e9df3bd4c6c2769fa') in 0.059503 seconds
  Import took 0.066945 seconds .

========================================================================
Received Import Request.
  Time since last request: 0.000261 seconds.
  path: Assets/SkySerie Freebie/UnearthlyRed.mat
  artifactKey: Guid(5d133deeaa66ed445853e946ff25e073) Importer(815301076,1909f56bfc062723c751e8b465ee728b)
Start importing Assets/SkySerie Freebie/UnearthlyRed.mat using Guid(5d133deeaa66ed445853e946ff25e073) Importer(815301076,1909f56bfc062723c751e8b465ee728b)  -> (artifact id: '3673473dadf4c739840b87fb81dbbc1c') in 0.045043 seconds
  Import took 0.051159 seconds .

========================================================================
Received Import Request.
  Time since last request: 0.000266 seconds.
  path: Assets/SkySerie Freebie/SunlessCirruscover.mat
  artifactKey: Guid(4e154bf235e41704bbd6bbc6fd6c63f6) Importer(815301076,1909f56bfc062723c751e8b465ee728b)
Start importing Assets/SkySerie Freebie/SunlessCirruscover.mat using Guid(4e154bf235e41704bbd6bbc6fd6c63f6) Importer(815301076,1909f56bfc062723c751e8b465ee728b)  -> (artifact id: '463c6e1d8006f61f62228484ae222cbf') in 0.044414 seconds
  Import took 0.050712 seconds .

========================================================================
Received Import Request.
  Time since last request: 0.000322 seconds.
  path: Assets/SkySerie Freebie/SkyhighFluffycloudField.mat
  artifactKey: Guid(f15c336556dd74f40aaca655f7767970) Importer(815301076,1909f56bfc062723c751e8b465ee728b)
Start importing Assets/SkySerie Freebie/SkyhighFluffycloudField.mat using Guid(f15c336556dd74f40aaca655f7767970) Importer(815301076,1909f56bfc062723c751e8b465ee728b)  -> (artifact id: '9eb5f586fdf3dff3a407abce384783e0') in 0.045586 seconds
  Import took 0.055345 seconds .

========================================================================
Received Import Request.
  Time since last request: 4.723003 seconds.
  path: Assets/SkySerie Freebie/PlanetaryEarth.mat
  artifactKey: Guid(16bc8a9d5451ca44d8f70575adbece3a) Importer(815301076,1909f56bfc062723c751e8b465ee728b)
Start importing Assets/SkySerie Freebie/PlanetaryEarth.mat using Guid(16bc8a9d5451ca44d8f70575adbece3a) Importer(815301076,1909f56bfc062723c751e8b465ee728b)  -> (artifact id: '108b2bb9c067bd7db43926cad8272913') in 0.063925 seconds
  Import took 0.070603 seconds .

========================================================================
Received Import Request.
  Time since last request: 0.137052 seconds.
  path: Assets/SkySerie Freebie/MegaSun.mat
  artifactKey: Guid(cede08c9fc471e64884909cd4bbeaf59) Importer(815301076,1909f56bfc062723c751e8b465ee728b)
Start importing Assets/SkySerie Freebie/MegaSun.mat using Guid(cede08c9fc471e64884909cd4bbeaf59) Importer(815301076,1909f56bfc062723c751e8b465ee728b)  -> (artifact id: '5c716296bd41adadfe61a2802da6578c') in 0.047059 seconds
  Import took 0.054408 seconds .

========================================================================
Received Import Request.
  Time since last request: 0.005575 seconds.
  path: Assets/SkySerie Freebie/MegaSun.mat
  artifactKey: Guid(cede08c9fc471e64884909cd4bbeaf59) Importer(815301076,1909f56bfc062723c751e8b465ee728b)
Start importing Assets/SkySerie Freebie/MegaSun.mat using Guid(cede08c9fc471e64884909cd4bbeaf59) Importer(815301076,1909f56bfc062723c751e8b465ee728b)  -> (artifact id: '5c716296bd41adadfe61a2802da6578c') in 0.059354 seconds
  Import took 0.065738 seconds .

========================================================================
Received Import Request.
  Time since last request: 0.795496 seconds.
  path: Assets/SkySerie Freebie/HighFantasy.mat
  artifactKey: Guid(e2341a9d03e86ec4290c72b1e22bbc7c) Importer(815301076,1909f56bfc062723c751e8b465ee728b)
Start importing Assets/SkySerie Freebie/HighFantasy.mat using Guid(e2341a9d03e86ec4290c72b1e22bbc7c) Importer(815301076,1909f56bfc062723c751e8b465ee728b)  -> (artifact id: '87eedacca982ca1b54f6af51f966bb9f') in 0.036364 seconds
  Import took 0.043684 seconds .

========================================================================
Received Import Request.
  Time since last request: 0.000316 seconds.
  path: Assets/SkySerie Freebie/FluffballDay.mat
  artifactKey: Guid(20d4f77b9022eab48b4d94599ed4bf82) Importer(815301076,1909f56bfc062723c751e8b465ee728b)
Start importing Assets/SkySerie Freebie/FluffballDay.mat using Guid(20d4f77b9022eab48b4d94599ed4bf82) Importer(815301076,1909f56bfc062723c751e8b465ee728b)  -> (artifact id: '2ca412a9fe9422d59896378a7d5e61b0') in 0.049905 seconds
  Import took 0.056047 seconds .

========================================================================
Received Import Request.
  Time since last request: 0.076553 seconds.
  path: Assets/SkySerie Freebie/CosmicCoolCloud.mat
  artifactKey: Guid(f531e09e2ad2fb440b4eed7605863143) Importer(815301076,1909f56bfc062723c751e8b465ee728b)
Start importing Assets/SkySerie Freebie/CosmicCoolCloud.mat using Guid(f531e09e2ad2fb440b4eed7605863143) Importer(815301076,1909f56bfc062723c751e8b465ee728b)  -> (artifact id: '91bc1dbafdd346ec12a1e790d35fecfe') in 0.194740 seconds
  Import took 0.199570 seconds .

========================================================================
Received Import Request.
  Time since last request: 0.000287 seconds.
  path: Assets/SkySerie Freebie/DayInTheClouds.mat
  artifactKey: Guid(3e5399bd195de7649b874f58c1b9f8a3) Importer(815301076,1909f56bfc062723c751e8b465ee728b)
Start importing Assets/SkySerie Freebie/DayInTheClouds.mat using Guid(3e5399bd195de7649b874f58c1b9f8a3) Importer(815301076,1909f56bfc062723c751e8b465ee728b)  -> (artifact id: '3a33cfa38002a7b7667a924140c2511c') in 0.042980 seconds
  Import took 0.048876 seconds .

========================================================================
Received Import Request.
  Time since last request: 0.000317 seconds.
  path: Assets/SkySerie Freebie/Cloudymorning.mat
  artifactKey: Guid(d9dca9ae1786c394f9e79c637aa9a7bf) Importer(815301076,1909f56bfc062723c751e8b465ee728b)
Start importing Assets/SkySerie Freebie/Cloudymorning.mat using Guid(d9dca9ae1786c394f9e79c637aa9a7bf) Importer(815301076,1909f56bfc062723c751e8b465ee728b)  -> (artifact id: '85d18da66db6ee6b66b693329a61721d') in 0.050180 seconds
  Import took 0.056853 seconds .

========================================================================
Received Import Request.
  Time since last request: 0.000251 seconds.
  path: Assets/SkySerie Freebie/CoriolisNight4k.mat
  artifactKey: Guid(d4454f71d85928744be7771e2143dab7) Importer(815301076,1909f56bfc062723c751e8b465ee728b)
Start importing Assets/SkySerie Freebie/CoriolisNight4k.mat using Guid(d4454f71d85928744be7771e2143dab7) Importer(815301076,1909f56bfc062723c751e8b465ee728b)  -> (artifact id: 'bc9a9653faa683d309628d23f778188e') in 0.046020 seconds
  Import took 0.054528 seconds .

========================================================================
Received Import Request.
  Time since last request: 0.000318 seconds.
  path: Assets/SkySerie Freebie/6SidedMegaSun.mat
  artifactKey: Guid(c52c5d7968fa6c9499b0b5752f899bfb) Importer(815301076,1909f56bfc062723c751e8b465ee728b)
Start importing Assets/SkySerie Freebie/6SidedMegaSun.mat using Guid(c52c5d7968fa6c9499b0b5752f899bfb) Importer(815301076,1909f56bfc062723c751e8b465ee728b)  -> (artifact id: '81cd8123ba355b9cc397631ba09bf577') in 0.025319 seconds
  Import took 0.031165 seconds .

========================================================================
Received Import Request.
  Time since last request: 0.000513 seconds.
  path: Assets/SkySerie Freebie/6SidedFluffball.mat
  artifactKey: Guid(efd1c33efd2d58340b88804268e6833f) Importer(815301076,1909f56bfc062723c751e8b465ee728b)
Start importing Assets/SkySerie Freebie/6SidedFluffball.mat using Guid(efd1c33efd2d58340b88804268e6833f) Importer(815301076,1909f56bfc062723c751e8b465ee728b)  -> (artifact id: 'b6a1a8baa07f275ee336f28d76dc62d8') in 0.023310 seconds
  Import took 0.029246 seconds .

========================================================================
Received Import Request.
  Time since last request: 0.000361 seconds.
  path: Assets/SkySerie Freebie/DarkStorm.mat
  artifactKey: Guid(2039a0ad0a9d05549928b70362f54902) Importer(815301076,1909f56bfc062723c751e8b465ee728b)
Start importing Assets/SkySerie Freebie/DarkStorm.mat using Guid(2039a0ad0a9d05549928b70362f54902) Importer(815301076,1909f56bfc062723c751e8b465ee728b)  -> (artifact id: '5be00172ab507046c3f9607b388443f2') in 0.043414 seconds
  Import took 0.051125 seconds .

========================================================================
Received Import Request.
  Time since last request: 0.000366 seconds.
  path: Assets/SkySerie Freebie/CloudedSunGlow.mat
  artifactKey: Guid(e391f00234292cc4f935308c11cf0e54) Importer(815301076,1909f56bfc062723c751e8b465ee728b)
Start importing Assets/SkySerie Freebie/CloudedSunGlow.mat using Guid(e391f00234292cc4f935308c11cf0e54) Importer(815301076,1909f56bfc062723c751e8b465ee728b)  -> (artifact id: 'f0a923813b3e2b087ec04901b1d298ef') in 0.042583 seconds
  Import took 0.049642 seconds .

========================================================================
Received Import Request.
  Time since last request: 0.000287 seconds.
  path: Assets/SkySerie Freebie/AmbienceExposure.mat
  artifactKey: Guid(72deae4d18418f94688abef8e8483df0) Importer(815301076,1909f56bfc062723c751e8b465ee728b)
Start importing Assets/SkySerie Freebie/AmbienceExposure.mat using Guid(72deae4d18418f94688abef8e8483df0) Importer(815301076,1909f56bfc062723c751e8b465ee728b)  -> (artifact id: '46c32d3b753d73c09132d58d4de762b6') in 0.041898 seconds
  Import took 0.048268 seconds .

========================================================================
Received Import Request.
  Time since last request: 0.000270 seconds.
  path: Assets/SkySerie Freebie/CasualDay.mat
  artifactKey: Guid(85cf0b004bc4a654b9e501efcce47902) Importer(815301076,1909f56bfc062723c751e8b465ee728b)
Start importing Assets/SkySerie Freebie/CasualDay.mat using Guid(85cf0b004bc4a654b9e501efcce47902) Importer(815301076,1909f56bfc062723c751e8b465ee728b)  -> (artifact id: '88a130c01139d1a92c1fa93695caef1b') in 0.043955 seconds
  Import took 0.050544 seconds .

========================================================================
Received Import Request.
  Time since last request: 106.142039 seconds.
  path: Assets/SkySerie Freebie
  artifactKey: Guid(ea35b1247285dfd49a341101b506cc2c) Importer(815301076,1909f56bfc062723c751e8b465ee728b)
Start importing Assets/SkySerie Freebie using Guid(ea35b1247285dfd49a341101b506cc2c) Importer(815301076,1909f56bfc062723c751e8b465ee728b)  -> (artifact id: '5c8ccd000dd652b694c3fd3f25fe7c3c') in 0.008107 seconds
  Import took 0.014393 seconds .

========================================================================
Received Import Request.
  Time since last request: 260.510619 seconds.
  path: Assets/Standard Assets/Characters/FirstPersonCharacter/Prefabs/FPSController.prefab
  artifactKey: Guid(5e9e851c0e142814dac026a256ba2ac0) Importer(815301076,1909f56bfc062723c751e8b465ee728b)
Start importing Assets/Standard Assets/Characters/FirstPersonCharacter/Prefabs/FPSController.prefab using Guid(5e9e851c0e142814dac026a256ba2ac0) Importer(815301076,1909f56bfc062723c751e8b465ee728b)  -> (artifact id: 'a6dbfbb888fab3bd6659fc24cfa900c1') in 0.026977 seconds
  Import took 0.032534 seconds .

========================================================================
Received Import Request.
  Time since last request: 0.000304 seconds.
  path: Assets/Standard Assets/Characters/FirstPersonCharacter/Prefabs/RigidBodyFPSController.prefab
  artifactKey: Guid(c6453f8e1f814744d8b94e5a6d1f9942) Importer(815301076,1909f56bfc062723c751e8b465ee728b)
Start importing Assets/Standard Assets/Characters/FirstPersonCharacter/Prefabs/RigidBodyFPSController.prefab using Guid(c6453f8e1f814744d8b94e5a6d1f9942) Importer(815301076,1909f56bfc062723c751e8b465ee728b)  -> (artifact id: '932e4dd34e7442f18906b870abcb76ae') in 0.008467 seconds
  Import took 0.013093 seconds .

========================================================================
Received Prepare
Registering precompiled user dll's ...
Registered in 0.005810 seconds.
Begin MonoManager ReloadAssembly
Symbol file LoadedFromMemory doesn't match image D:\Github\Flocking\Flocking\Library\PackageCache\com.unity.visualscripting@1.6.1\Editor\VisualScripting.Core\Dependencies\YamlDotNet\Unity.VisualScripting.YamlDotNet.dll
Symbol file LoadedFromMemory doesn't match image D:\Github\Flocking\Flocking\Library\PackageCache\com.unity.visualscripting@1.6.1\Editor\VisualScripting.Core\Dependencies\DotNetZip\Unity.VisualScripting.IonicZip.dll
Native extension for WindowsStandalone target not found
Refreshing native plugins compatible for Editor in 1.49 ms, found 3 plugins.
Preloading 0 native plugins for Editor in 0.00 ms.
Mono: successfully reloaded assembly
- Completed reload, in  2.521 seconds
Platform modules already initialized, skipping
Refreshing native plugins compatible for Editor in 0.92 ms, found 3 plugins.
Preloading 0 native plugins for Editor in 0.00 ms.
Unloading 2937 Unused Serialized files (Serialized files now loaded: 0)
System memory in use before: 122.8 MB.
System memory in use after: 123.0 MB.

Unloading 19 unused Assets to reduce memory usage. Loaded Objects now: 3426.
Total: 2.281700 ms (FindLiveObjects: 0.277900 ms CreateObjectMapping: 0.133400 ms MarkObjects: 1.814500 ms  DeleteObjects: 0.055000 ms)

========================================================================
Received Prepare
Registering precompiled user dll's ...
Registered in 0.009621 seconds.
Begin MonoManager ReloadAssembly
Symbol file LoadedFromMemory doesn't match image D:\Github\Flocking\Flocking\Library\PackageCache\com.unity.visualscripting@1.6.1\Editor\VisualScripting.Core\Dependencies\YamlDotNet\Unity.VisualScripting.YamlDotNet.dll
Symbol file LoadedFromMemory doesn't match image D:\Github\Flocking\Flocking\Library\PackageCache\com.unity.visualscripting@1.6.1\Editor\VisualScripting.Core\Dependencies\DotNetZip\Unity.VisualScripting.IonicZip.dll
Native extension for WindowsStandalone target not found
Refreshing native plugins compatible for Editor in 0.56 ms, found 3 plugins.
Preloading 0 native plugins for Editor in 0.00 ms.
[Auto Package] : Checking if required packages are included
UnityEngine.StackTraceUtility:ExtractStackTrace ()
UnityEngine.DebugLogHandler:LogFormat (UnityEngine.LogType,UnityEngine.Object,string,object[])
UnityEngine.Logger:Log (UnityEngine.LogType,object)
UnityEngine.Debug:Log (object)
PackageChecker:CheckPackage ()

[Auto Package] : Couldn't find the packages list. Be sure there is a file called PackageImportList in your project
UnityEngine.StackTraceUtility:ExtractStackTrace ()
UnityEngine.DebugLogHandler:LogFormat (UnityEngine.LogType,UnityEngine.Object,string,object[])
UnityEngine.Logger:Log (UnityEngine.LogType,object)
UnityEngine.Debug:LogError (object)
PackageChecker:CheckPackage ()

Mono: successfully reloaded assembly
- Completed reload, in  1.383 seconds
Platform modules already initialized, skipping
Refreshing native plugins compatible for Editor in 1.13 ms, found 3 plugins.
Preloading 0 native plugins for Editor in 0.00 ms.
Unloading 2945 Unused Serialized files (Serialized files now loaded: 0)
System memory in use before: 123.0 MB.
System memory in use after: 123.2 MB.

Unloading 19 unused Assets to reduce memory usage. Loaded Objects now: 3438.
Total: 2.587400 ms (FindLiveObjects: 0.309700 ms CreateObjectMapping: 0.136400 ms MarkObjects: 2.083100 ms  DeleteObjects: 0.057100 ms)

========================================================================
Received Import Request.
  Time since last request: 250.044697 seconds.
  path: Assets/Player2020/Prefabs/Player.prefab
  artifactKey: Guid(6fcc382533eeddd4cb59b9e20acca545) Importer(815301076,1909f56bfc062723c751e8b465ee728b)
Start importing Assets/Player2020/Prefabs/Player.prefab using Guid(6fcc382533eeddd4cb59b9e20acca545) Importer(815301076,1909f56bfc062723c751e8b465ee728b)  -> (artifact id: 'cc52ecfa452fde9b2facdf2563d4639e') in 0.033739 seconds
  Import took 0.038994 seconds .

========================================================================
Received Prepare
Registering precompiled user dll's ...
Registered in 0.005666 seconds.
Begin MonoManager ReloadAssembly
Symbol file LoadedFromMemory doesn't match image D:\Github\Flocking\Flocking\Library\PackageCache\com.unity.visualscripting@1.6.1\Editor\VisualScripting.Core\Dependencies\YamlDotNet\Unity.VisualScripting.YamlDotNet.dll
Symbol file LoadedFromMemory doesn't match image D:\Github\Flocking\Flocking\Library\PackageCache\com.unity.visualscripting@1.6.1\Editor\VisualScripting.Core\Dependencies\DotNetZip\Unity.VisualScripting.IonicZip.dll
Native extension for WindowsStandalone target not found
Refreshing native plugins compatible for Editor in 0.88 ms, found 3 plugins.
Preloading 0 native plugins for Editor in 0.00 ms.
[Auto Package] : Checking if required packages are included
UnityEngine.StackTraceUtility:ExtractStackTrace ()
UnityEngine.DebugLogHandler:LogFormat (UnityEngine.LogType,UnityEngine.Object,string,object[])
UnityEngine.Logger:Log (UnityEngine.LogType,object)
UnityEngine.Debug:Log (object)
PackageChecker:CheckPackage ()

[Auto Package] : Couldn't find the packages list. Be sure there is a file called PackageImportList in your project
UnityEngine.StackTraceUtility:ExtractStackTrace ()
UnityEngine.DebugLogHandler:LogFormat (UnityEngine.LogType,UnityEngine.Object,string,object[])
UnityEngine.Logger:Log (UnityEngine.LogType,object)
UnityEngine.Debug:LogError (object)
PackageChecker:CheckPackage ()

Mono: successfully reloaded assembly
- Completed reload, in  0.956 seconds
Platform modules already initialized, skipping
Refreshing native plugins compatible for Editor in 0.54 ms, found 3 plugins.
Preloading 0 native plugins for Editor in 0.00 ms.
Unloading 2945 Unused Serialized files (Serialized files now loaded: 0)
System memory in use before: 123.0 MB.
System memory in use after: 123.2 MB.

Unloading 19 unused Assets to reduce memory usage. Loaded Objects now: 3441.
Total: 2.195100 ms (FindLiveObjects: 0.257800 ms CreateObjectMapping: 0.131800 ms MarkObjects: 1.722500 ms  DeleteObjects: 0.081700 ms)

========================================================================
Received Import Request.
  Time since last request: 230.119526 seconds.
  path: Assets/Scenes
  artifactKey: Guid(8dae1cbacbf5e6742b00fcfc6e48f09a) Importer(815301076,1909f56bfc062723c751e8b465ee728b)
Start importing Assets/Scenes using Guid(8dae1cbacbf5e6742b00fcfc6e48f09a) Importer(815301076,1909f56bfc062723c751e8b465ee728b)  -> (artifact id: 'a6970951ba9a9ec5ae16445237ad9a0c') in 0.015854 seconds
  Import took 0.022628 seconds .

========================================================================
Received Import Request.
  Time since last request: 4.740771 seconds.
  path: Assets/Player2020
  artifactKey: Guid(5001690a1bb5be74eafaf3872dda1410) Importer(815301076,1909f56bfc062723c751e8b465ee728b)
Start importing Assets/Player2020 using Guid(5001690a1bb5be74eafaf3872dda1410) Importer(815301076,1909f56bfc062723c751e8b465ee728b)  -> (artifact id: 'c34e218083076ee8b0efba3bed2113a6') in 0.007369 seconds
  Import took 0.012631 seconds .

========================================================================
Received Import Request.
  Time since last request: 0.812990 seconds.
  path: Assets/Player2020/Prefabs
  artifactKey: Guid(a8cd1d9fa7fd8a849a558ecae21d0abd) Importer(815301076,1909f56bfc062723c751e8b465ee728b)
Start importing Assets/Player2020/Prefabs using Guid(a8cd1d9fa7fd8a849a558ecae21d0abd) Importer(815301076,1909f56bfc062723c751e8b465ee728b)  -> (artifact id: '680beef5325d5c0b79f0bfdb45753bd0') in 0.001996 seconds
  Import took 0.007232 seconds .

========================================================================
Received Import Request.
  Time since last request: 62.664445 seconds.
  path: Assets/Player2020/EffectExamples
  artifactKey: Guid(a9e05c528b1d9394e827a0febb9c2a4e) Importer(815301076,1909f56bfc062723c751e8b465ee728b)
Start importing Assets/Player2020/EffectExamples using Guid(a9e05c528b1d9394e827a0febb9c2a4e) Importer(815301076,1909f56bfc062723c751e8b465ee728b)  -> (artifact id: '7b8e33fe2ddfd219fd2a38aa6c79c6c4') in 0.009821 seconds
  Import took 0.018779 seconds .

========================================================================
Received Import Request.
  Time since last request: 0.879498 seconds.
  path: Assets/Player2020/EffectExamples/Misc Effects
  artifactKey: Guid(c4581574bb973004797f3bd197e30704) Importer(815301076,1909f56bfc062723c751e8b465ee728b)
Start importing Assets/Player2020/EffectExamples/Misc Effects using Guid(c4581574bb973004797f3bd197e30704) Importer(815301076,1909f56bfc062723c751e8b465ee728b)  -> (artifact id: '45c9ff1fb6b968d4bc9dc372ba539fe1') in 0.006235 seconds
  Import took 0.013048 seconds .

========================================================================
Received Import Request.
  Time since last request: 0.001054 seconds.
  path: Assets/Player2020/EffectExamples/Misc Effects
  artifactKey: Guid(c4581574bb973004797f3bd197e30704) Importer(815301076,1909f56bfc062723c751e8b465ee728b)
Start importing Assets/Player2020/EffectExamples/Misc Effects using Guid(c4581574bb973004797f3bd197e30704) Importer(815301076,1909f56bfc062723c751e8b465ee728b)  -> (artifact id: '45c9ff1fb6b968d4bc9dc372ba539fe1') in 0.003730 seconds
  Import took 0.010148 seconds .

========================================================================
Received Import Request.
  Time since last request: 0.697221 seconds.
  path: Assets/Player2020/EffectExamples/Misc Effects/Scripts
  artifactKey: Guid(f693536585df3754c9a1b6fe32bf91c5) Importer(815301076,1909f56bfc062723c751e8b465ee728b)
Start importing Assets/Player2020/EffectExamples/Misc Effects/Scripts using Guid(f693536585df3754c9a1b6fe32bf91c5) Importer(815301076,1909f56bfc062723c751e8b465ee728b)  -> (artifact id: 'c4798b5a2ea41d41babc9180d2fd929f') in 0.007653 seconds
  Import took 0.013352 seconds .

========================================================================
Received Import Request.
  Time since last request: 0.002107 seconds.
  path: Assets/Player2020/EffectExamples/Misc Effects/Scripts
  artifactKey: Guid(f693536585df3754c9a1b6fe32bf91c5) Importer(815301076,1909f56bfc062723c751e8b465ee728b)
Start importing Assets/Player2020/EffectExamples/Misc Effects/Scripts using Guid(f693536585df3754c9a1b6fe32bf91c5) Importer(815301076,1909f56bfc062723c751e8b465ee728b)  -> (artifact id: 'c4798b5a2ea41d41babc9180d2fd929f') in 0.003575 seconds
  Import took 0.011435 seconds .

========================================================================
Received Import Request.
  Time since last request: 1.607769 seconds.
  path: Assets/Player2020/EffectExamples/Misc Effects/Scripts/SpawnEffect.cs
  artifactKey: Guid(585901dad4c09564db67dc1e08787f0e) Importer(815301076,1909f56bfc062723c751e8b465ee728b)
Start importing Assets/Player2020/EffectExamples/Misc Effects/Scripts/SpawnEffect.cs using Guid(585901dad4c09564db67dc1e08787f0e) Importer(815301076,1909f56bfc062723c751e8b465ee728b)  -> (artifact id: '015f44adc4d411616938c4e3cc7bbfae') in 0.021919 seconds
  Import took 0.026434 seconds .

========================================================================
Received Import Request.
  Time since last request: 0.007206 seconds.
  path: Assets/Player2020/EffectExamples/Misc Effects/Scripts/SpawnEffect.cs
  artifactKey: Guid(585901dad4c09564db67dc1e08787f0e) Importer(815301076,1909f56bfc062723c751e8b465ee728b)
Start importing Assets/Player2020/EffectExamples/Misc Effects/Scripts/SpawnEffect.cs using Guid(585901dad4c09564db67dc1e08787f0e) Importer(815301076,1909f56bfc062723c751e8b465ee728b)  -> (artifact id: '015f44adc4d411616938c4e3cc7bbfae') in 0.002711 seconds
  Import took 0.007900 seconds .

========================================================================
Received Import Request.
  Time since last request: 14.700404 seconds.
  path: Assets/Player2020/Shared
  artifactKey: Guid(9898fb5804064a44eb16d4c3df9eef6e) Importer(815301076,1909f56bfc062723c751e8b465ee728b)
Start importing Assets/Player2020/Shared using Guid(9898fb5804064a44eb16d4c3df9eef6e) Importer(815301076,1909f56bfc062723c751e8b465ee728b)  -> (artifact id: '04e556c62cdedbfcb55ba0961c59dd13') in 0.007869 seconds
  Import took 0.014782 seconds .

========================================================================
Received Import Request.
  Time since last request: 0.000589 seconds.
  path: Assets/Player2020/Shared
  artifactKey: Guid(9898fb5804064a44eb16d4c3df9eef6e) Importer(815301076,1909f56bfc062723c751e8b465ee728b)
Start importing Assets/Player2020/Shared using Guid(9898fb5804064a44eb16d4c3df9eef6e) Importer(815301076,1909f56bfc062723c751e8b465ee728b)  -> (artifact id: '04e556c62cdedbfcb55ba0961c59dd13') in 0.002316 seconds
  Import took 0.010132 seconds .

========================================================================
Received Import Request.
  Time since last request: 0.858268 seconds.
  path: Assets/Player2020/Shared/Scripts
  artifactKey: Guid(fc1bccfdfa5e80544b7c8d6f7275803f) Importer(815301076,1909f56bfc062723c751e8b465ee728b)
Start importing Assets/Player2020/Shared/Scripts using Guid(fc1bccfdfa5e80544b7c8d6f7275803f) Importer(815301076,1909f56bfc062723c751e8b465ee728b)  -> (artifact id: '6fbec164a89b4d17fcd03f4233e9254e') in 0.002383 seconds
  Import took 0.007900 seconds .

========================================================================
Received Import Request.
  Time since last request: 1.662976 seconds.
  path: Assets/Player2020/Shared/Scripts/SimpleCharacterMotor.cs
  artifactKey: Guid(b388589949f9448aca1903107a88cb42) Importer(815301076,1909f56bfc062723c751e8b465ee728b)
Start importing Assets/Player2020/Shared/Scripts/SimpleCharacterMotor.cs using Guid(b388589949f9448aca1903107a88cb42) Importer(815301076,1909f56bfc062723c751e8b465ee728b)  -> (artifact id: 'cee25da4d7318f592d4d9cf4482d9607') in 0.005813 seconds
  Import took 0.011249 seconds .

========================================================================
Received Import Request.
  Time since last request: 0.997407 seconds.
  path: Assets/Player2020/Shared/Scripts/SimpleCameraController.cs
  artifactKey: Guid(390f972b3a1e62341ad150cbe29782f3) Importer(815301076,1909f56bfc062723c751e8b465ee728b)
Start importing Assets/Player2020/Shared/Scripts/SimpleCameraController.cs using Guid(390f972b3a1e62341ad150cbe29782f3) Importer(815301076,1909f56bfc062723c751e8b465ee728b)  -> (artifact id: '251a38b67254987a4ea19bd56fe5923b') in 0.005874 seconds
  Import took 0.010807 seconds .

========================================================================
Received Import Request.
  Time since last request: 48.743229 seconds.
  path: Assets/Player2020/TutorialInfo
  artifactKey: Guid(2975a0363e57c824bbec82920032d5ff) Importer(815301076,1909f56bfc062723c751e8b465ee728b)
Start importing Assets/Player2020/TutorialInfo using Guid(2975a0363e57c824bbec82920032d5ff) Importer(815301076,1909f56bfc062723c751e8b465ee728b)  -> (artifact id: '9e069ae602e7c7953b6ed44855e16cb0') in 0.006298 seconds
  Import took 0.012163 seconds .

========================================================================
Received Import Request.
  Time since last request: 1.296520 seconds.
  path: Assets/Player2020/TutorialInfo/Scripts
  artifactKey: Guid(afc85fa8a9d991b469f3e68e4f2ce44d) Importer(815301076,1909f56bfc062723c751e8b465ee728b)
Start importing Assets/Player2020/TutorialInfo/Scripts using Guid(afc85fa8a9d991b469f3e68e4f2ce44d) Importer(815301076,1909f56bfc062723c751e8b465ee728b)  -> (artifact id: 'ad4f6b67f6bd953d9ab5ac17d140f46a') in 0.002417 seconds
  Import took 0.007716 seconds .

========================================================================
Received Import Request.
  Time since last request: 1.248805 seconds.
  path: Assets/Player2020/TutorialInfo/Scripts/Readme.cs
  artifactKey: Guid(fcf7219bab7fe46a1ad266029b2fee19) Importer(815301076,1909f56bfc062723c751e8b465ee728b)
Start importing Assets/Player2020/TutorialInfo/Scripts/Readme.cs using Guid(fcf7219bab7fe46a1ad266029b2fee19) Importer(815301076,1909f56bfc062723c751e8b465ee728b)  -> (artifact id: 'd67c52f8ec24d3ef1a51a059dcf1ea34') in 0.007079 seconds
  Import took 0.013733 seconds .

========================================================================
Received Prepare
Registering precompiled user dll's ...
Registered in 0.005663 seconds.
Begin MonoManager ReloadAssembly
Symbol file LoadedFromMemory doesn't match image D:\Github\Flocking\Flocking\Library\PackageCache\com.unity.visualscripting@1.6.1\Editor\VisualScripting.Core\Dependencies\YamlDotNet\Unity.VisualScripting.YamlDotNet.dll
Symbol file LoadedFromMemory doesn't match image D:\Github\Flocking\Flocking\Library\PackageCache\com.unity.visualscripting@1.6.1\Editor\VisualScripting.Core\Dependencies\DotNetZip\Unity.VisualScripting.IonicZip.dll
Native extension for WindowsStandalone target not found
Refreshing native plugins compatible for Editor in 0.60 ms, found 3 plugins.
Preloading 0 native plugins for Editor in 0.00 ms.
[Auto Package] : Checking if required packages are included
UnityEngine.StackTraceUtility:ExtractStackTrace ()
UnityEngine.DebugLogHandler:LogFormat (UnityEngine.LogType,UnityEngine.Object,string,object[])
UnityEngine.Logger:Log (UnityEngine.LogType,object)
UnityEngine.Debug:Log (object)
PackageChecker:CheckPackage ()

[Auto Package] : Couldn't find the packages list. Be sure there is a file called PackageImportList in your project
UnityEngine.StackTraceUtility:ExtractStackTrace ()
UnityEngine.DebugLogHandler:LogFormat (UnityEngine.LogType,UnityEngine.Object,string,object[])
UnityEngine.Logger:Log (UnityEngine.LogType,object)
UnityEngine.Debug:LogError (object)
PackageChecker:CheckPackage ()

Mono: successfully reloaded assembly
- Completed reload, in  0.977 seconds
Platform modules already initialized, skipping
Refreshing native plugins compatible for Editor in 0.54 ms, found 3 plugins.
Preloading 0 native plugins for Editor in 0.00 ms.
Unloading 2945 Unused Serialized files (Serialized files now loaded: 0)
System memory in use before: 123.0 MB.
System memory in use after: 123.2 MB.

Unloading 19 unused Assets to reduce memory usage. Loaded Objects now: 3444.
Total: 2.275200 ms (FindLiveObjects: 0.287800 ms CreateObjectMapping: 0.116700 ms MarkObjects: 1.819700 ms  DeleteObjects: 0.050200 ms)

========================================================================
Received Import Request.
  Time since last request: 20.851117 seconds.
  path: Assets/Player2020/TutorialInfo/Scripts/Editor
  artifactKey: Guid(80af15c6eaef94c479cb474d3cabd51d) Importer(815301076,1909f56bfc062723c751e8b465ee728b)
Start importing Assets/Player2020/TutorialInfo/Scripts/Editor using Guid(80af15c6eaef94c479cb474d3cabd51d) Importer(815301076,1909f56bfc062723c751e8b465ee728b)  -> (artifact id: '99abc664212850afaeea6b6270ab2c3c') in 0.017346 seconds
  Import took 0.026391 seconds .

========================================================================
Received Import Request.
  Time since last request: 2.825057 seconds.
  path: Assets/Player2020/TutorialInfo/Scripts/Editor/ReadmeEditor.cs
  artifactKey: Guid(476cc7d7cd9874016adc216baab94a0a) Importer(815301076,1909f56bfc062723c751e8b465ee728b)
Start importing Assets/Player2020/TutorialInfo/Scripts/Editor/ReadmeEditor.cs using Guid(476cc7d7cd9874016adc216baab94a0a) Importer(815301076,1909f56bfc062723c751e8b465ee728b)  -> (artifact id: 'f36a1292aee4dc108bd2660891b7db3a') in 0.006023 seconds
  Import took 0.010781 seconds .

========================================================================
Received Import Request.
  Time since last request: 7.938835 seconds.
  path: Assets/Player2020/Shared/Scripts/ProximityActivate.cs
  artifactKey: Guid(9dda47b72d39443fcbaff0fcbb5f1bd4) Importer(815301076,1909f56bfc062723c751e8b465ee728b)
Start importing Assets/Player2020/Shared/Scripts/ProximityActivate.cs using Guid(9dda47b72d39443fcbaff0fcbb5f1bd4) Importer(815301076,1909f56bfc062723c751e8b465ee728b)  -> (artifact id: 'a106e46634abf914492c11c905ae4b58') in 0.006093 seconds
  Import took 0.010868 seconds .

========================================================================
Received Import Request.
  Time since last request: 0.207234 seconds.
  path: Assets/Player2020/Shared/Scripts/AdjustTimeScale.cs
  artifactKey: Guid(57a9bba4c7c6adc40805917ce487896a) Importer(815301076,1909f56bfc062723c751e8b465ee728b)
Start importing Assets/Player2020/Shared/Scripts/AdjustTimeScale.cs using Guid(57a9bba4c7c6adc40805917ce487896a) Importer(815301076,1909f56bfc062723c751e8b465ee728b)  -> (artifact id: 'fcc0683ab50a8fc955aee03b7f933ca3') in 0.006051 seconds
  Import took 0.010499 seconds .

========================================================================
Received Prepare
Registering precompiled user dll's ...
Registered in 0.005538 seconds.
Begin MonoManager ReloadAssembly
Symbol file LoadedFromMemory doesn't match image D:\Github\Flocking\Flocking\Library\PackageCache\com.unity.visualscripting@1.6.1\Editor\VisualScripting.Core\Dependencies\YamlDotNet\Unity.VisualScripting.YamlDotNet.dll
Symbol file LoadedFromMemory doesn't match image D:\Github\Flocking\Flocking\Library\PackageCache\com.unity.visualscripting@1.6.1\Editor\VisualScripting.Core\Dependencies\DotNetZip\Unity.VisualScripting.IonicZip.dll
Native extension for WindowsStandalone target not found
Refreshing native plugins compatible for Editor in 0.55 ms, found 3 plugins.
Preloading 0 native plugins for Editor in 0.00 ms.
[Auto Package] : Checking if required packages are included
UnityEngine.StackTraceUtility:ExtractStackTrace ()
UnityEngine.DebugLogHandler:LogFormat (UnityEngine.LogType,UnityEngine.Object,string,object[])
UnityEngine.Logger:Log (UnityEngine.LogType,object)
UnityEngine.Debug:Log (object)
PackageChecker:CheckPackage ()

[Auto Package] : Couldn't find the packages list. Be sure there is a file called PackageImportList in your project
UnityEngine.StackTraceUtility:ExtractStackTrace ()
UnityEngine.DebugLogHandler:LogFormat (UnityEngine.LogType,UnityEngine.Object,string,object[])
UnityEngine.Logger:Log (UnityEngine.LogType,object)
UnityEngine.Debug:LogError (object)
PackageChecker:CheckPackage ()

Mono: successfully reloaded assembly
- Completed reload, in  0.952 seconds
Platform modules already initialized, skipping
Refreshing native plugins compatible for Editor in 0.63 ms, found 3 plugins.
Preloading 0 native plugins for Editor in 0.00 ms.
Unloading 2945 Unused Serialized files (Serialized files now loaded: 0)
System memory in use before: 123.0 MB.
System memory in use after: 123.2 MB.

Unloading 19 unused Assets to reduce memory usage. Loaded Objects now: 3447.
Total: 2.506600 ms (FindLiveObjects: 0.349000 ms CreateObjectMapping: 0.200100 ms MarkObjects: 1.897800 ms  DeleteObjects: 0.058800 ms)

========================================================================
Received Prepare
Registering precompiled user dll's ...
Registered in 0.006805 seconds.
Begin MonoManager ReloadAssembly
Symbol file LoadedFromMemory doesn't match image D:\Github\Flocking\Flocking\Library\PackageCache\com.unity.visualscripting@1.6.1\Editor\VisualScripting.Core\Dependencies\YamlDotNet\Unity.VisualScripting.YamlDotNet.dll
Symbol file LoadedFromMemory doesn't match image D:\Github\Flocking\Flocking\Library\PackageCache\com.unity.visualscripting@1.6.1\Editor\VisualScripting.Core\Dependencies\DotNetZip\Unity.VisualScripting.IonicZip.dll
Native extension for WindowsStandalone target not found
Refreshing native plugins compatible for Editor in 0.53 ms, found 3 plugins.
Preloading 0 native plugins for Editor in 0.00 ms.
[Auto Package] : Checking if required packages are included
UnityEngine.StackTraceUtility:ExtractStackTrace ()
UnityEngine.DebugLogHandler:LogFormat (UnityEngine.LogType,UnityEngine.Object,string,object[])
UnityEngine.Logger:Log (UnityEngine.LogType,object)
UnityEngine.Debug:Log (object)
PackageChecker:CheckPackage ()

[Auto Package] : Couldn't find the packages list. Be sure there is a file called PackageImportList in your project
UnityEngine.StackTraceUtility:ExtractStackTrace ()
UnityEngine.DebugLogHandler:LogFormat (UnityEngine.LogType,UnityEngine.Object,string,object[])
UnityEngine.Logger:Log (UnityEngine.LogType,object)
UnityEngine.Debug:LogError (object)
PackageChecker:CheckPackage ()

Mono: successfully reloaded assembly
- Completed reload, in  1.022 seconds
Platform modules already initialized, skipping
Refreshing native plugins compatible for Editor in 0.70 ms, found 3 plugins.
Preloading 0 native plugins for Editor in 0.00 ms.
Unloading 2936 Unused Serialized files (Serialized files now loaded: 0)
System memory in use before: 122.8 MB.
System memory in use after: 123.0 MB.

Unloading 26 unused Assets to reduce memory usage. Loaded Objects now: 3443.
Total: 2.574200 ms (FindLiveObjects: 0.344500 ms CreateObjectMapping: 0.126200 ms MarkObjects: 2.040600 ms  DeleteObjects: 0.062000 ms)

========================================================================
Received Prepare
Registering precompiled user dll's ...
Registered in 0.005480 seconds.
Begin MonoManager ReloadAssembly
Symbol file LoadedFromMemory doesn't match image D:\Github\Flocking\Flocking\Library\PackageCache\com.unity.visualscripting@1.6.1\Editor\VisualScripting.Core\Dependencies\YamlDotNet\Unity.VisualScripting.YamlDotNet.dll
Symbol file LoadedFromMemory doesn't match image D:\Github\Flocking\Flocking\Library\PackageCache\com.unity.visualscripting@1.6.1\Editor\VisualScripting.Core\Dependencies\DotNetZip\Unity.VisualScripting.IonicZip.dll
Native extension for WindowsStandalone target not found
Refreshing native plugins compatible for Editor in 0.68 ms, found 3 plugins.
Preloading 0 native plugins for Editor in 0.00 ms.
[Auto Package] : Checking if required packages are included
UnityEngine.StackTraceUtility:ExtractStackTrace ()
UnityEngine.DebugLogHandler:LogFormat (UnityEngine.LogType,UnityEngine.Object,string,object[])
UnityEngine.Logger:Log (UnityEngine.LogType,object)
UnityEngine.Debug:Log (object)
PackageChecker:CheckPackage ()

[Auto Package] : Couldn't find the packages list. Be sure there is a file called PackageImportList in your project
UnityEngine.StackTraceUtility:ExtractStackTrace ()
UnityEngine.DebugLogHandler:LogFormat (UnityEngine.LogType,UnityEngine.Object,string,object[])
UnityEngine.Logger:Log (UnityEngine.LogType,object)
UnityEngine.Debug:LogError (object)
PackageChecker:CheckPackage ()

Mono: successfully reloaded assembly
- Completed reload, in  0.955 seconds
Platform modules already initialized, skipping
Refreshing native plugins compatible for Editor in 0.94 ms, found 3 plugins.
Preloading 0 native plugins for Editor in 0.00 ms.
Unloading 2936 Unused Serialized files (Serialized files now loaded: 0)
System memory in use before: 122.8 MB.
System memory in use after: 123.0 MB.

Unloading 19 unused Assets to reduce memory usage. Loaded Objects now: 3446.
Total: 3.045000 ms (FindLiveObjects: 0.349100 ms CreateObjectMapping: 0.282300 ms MarkObjects: 2.338800 ms  DeleteObjects: 0.073500 ms)

========================================================================
Received Prepare
Registering precompiled user dll's ...
Registered in 0.005565 seconds.
Begin MonoManager ReloadAssembly
Symbol file LoadedFromMemory doesn't match image D:\Github\Flocking\Flocking\Library\PackageCache\com.unity.visualscripting@1.6.1\Editor\VisualScripting.Core\Dependencies\YamlDotNet\Unity.VisualScripting.YamlDotNet.dll
Symbol file LoadedFromMemory doesn't match image D:\Github\Flocking\Flocking\Library\PackageCache\com.unity.visualscripting@1.6.1\Editor\VisualScripting.Core\Dependencies\DotNetZip\Unity.VisualScripting.IonicZip.dll
Native extension for WindowsStandalone target not found
Refreshing native plugins compatible for Editor in 0.57 ms, found 3 plugins.
Preloading 0 native plugins for Editor in 0.00 ms.
[Auto Package] : Checking if required packages are included
UnityEngine.StackTraceUtility:ExtractStackTrace ()
UnityEngine.DebugLogHandler:LogFormat (UnityEngine.LogType,UnityEngine.Object,string,object[])
UnityEngine.Logger:Log (UnityEngine.LogType,object)
UnityEngine.Debug:Log (object)
PackageChecker:CheckPackage ()

[Auto Package] : Couldn't find the packages list. Be sure there is a file called PackageImportList in your project
UnityEngine.StackTraceUtility:ExtractStackTrace ()
UnityEngine.DebugLogHandler:LogFormat (UnityEngine.LogType,UnityEngine.Object,string,object[])
UnityEngine.Logger:Log (UnityEngine.LogType,object)
UnityEngine.Debug:LogError (object)
PackageChecker:CheckPackage ()

Mono: successfully reloaded assembly
- Completed reload, in  0.997 seconds
Platform modules already initialized, skipping
Refreshing native plugins compatible for Editor in 0.91 ms, found 3 plugins.
Preloading 0 native plugins for Editor in 0.00 ms.
Unloading 2937 Unused Serialized files (Serialized files now loaded: 0)
System memory in use before: 122.9 MB.
System memory in use after: 123.1 MB.

Unloading 19 unused Assets to reduce memory usage. Loaded Objects now: 3450.
Total: 2.767600 ms (FindLiveObjects: 0.319700 ms CreateObjectMapping: 0.166800 ms MarkObjects: 2.193900 ms  DeleteObjects: 0.083600 ms)

========================================================================
Received Import Request.
  Time since last request: 372.942842 seconds.
  path: Assets/Alstra Infinite
  artifactKey: Guid(1dd6498ba422ce1479f24ce7e099035c) Importer(815301076,1909f56bfc062723c751e8b465ee728b)
Start importing Assets/Alstra Infinite using Guid(1dd6498ba422ce1479f24ce7e099035c) Importer(815301076,1909f56bfc062723c751e8b465ee728b)  -> (artifact id: 'edc5b37b3f96867c41d47c2b80092a89') in 0.008912 seconds
  Import took 0.013411 seconds .

========================================================================
Received Import Request.
  Time since last request: 0.629039 seconds.
  path: Assets/Alstra Infinite/Fish - PolyPack
  artifactKey: Guid(9e397e4d92aa75b4f9dca1cf556e1e8a) Importer(815301076,1909f56bfc062723c751e8b465ee728b)
Start importing Assets/Alstra Infinite/Fish - PolyPack using Guid(9e397e4d92aa75b4f9dca1cf556e1e8a) Importer(815301076,1909f56bfc062723c751e8b465ee728b)  -> (artifact id: 'd76bf9f533970ce48382df99a483da74') in 0.007913 seconds
  Import took 0.013237 seconds .

========================================================================
Received Import Request.
  Time since last request: 0.002047 seconds.
  path: Assets/Alstra Infinite/Fish - PolyPack
  artifactKey: Guid(9e397e4d92aa75b4f9dca1cf556e1e8a) Importer(815301076,1909f56bfc062723c751e8b465ee728b)
Start importing Assets/Alstra Infinite/Fish - PolyPack using Guid(9e397e4d92aa75b4f9dca1cf556e1e8a) Importer(815301076,1909f56bfc062723c751e8b465ee728b)  -> (artifact id: 'd76bf9f533970ce48382df99a483da74') in 0.002705 seconds
  Import took 0.010543 seconds .

========================================================================
Received Import Request.
  Time since last request: 1.448903 seconds.
  path: Assets/Alstra Infinite/Fish - PolyPack/Prefabs
  artifactKey: Guid(011107e2e56b7e54488ec07820f78cd4) Importer(815301076,1909f56bfc062723c751e8b465ee728b)
Start importing Assets/Alstra Infinite/Fish - PolyPack/Prefabs using Guid(011107e2e56b7e54488ec07820f78cd4) Importer(815301076,1909f56bfc062723c751e8b465ee728b)  -> (artifact id: 'b2772805023ef11d9167d92ee057f5df') in 0.002430 seconds
  Import took 0.006921 seconds .

========================================================================
Received Import Request.
  Time since last request: 0.045033 seconds.
  path: Assets/Alstra Infinite/Fish - PolyPack/Prefabs/FishV1.prefab
  artifactKey: Guid(94c015d94f6e5364e9b36b960bbe1b77) Importer(815301076,1909f56bfc062723c751e8b465ee728b)
Start importing Assets/Alstra Infinite/Fish - PolyPack/Prefabs/FishV1.prefab using Guid(94c015d94f6e5364e9b36b960bbe1b77) Importer(815301076,1909f56bfc062723c751e8b465ee728b)  -> (artifact id: '9fac344642eecdb3bdd79e9cc1292ea0') in 0.054328 seconds
  Import took 0.059125 seconds .

========================================================================
Received Import Request.
  Time since last request: 0.000353 seconds.
  path: Assets/Alstra Infinite/Fish - PolyPack/Prefabs/FishV4.prefab
  artifactKey: Guid(a05072560c3476b4cb8dddf22f697392) Importer(815301076,1909f56bfc062723c751e8b465ee728b)
Start importing Assets/Alstra Infinite/Fish - PolyPack/Prefabs/FishV4.prefab using Guid(a05072560c3476b4cb8dddf22f697392) Importer(815301076,1909f56bfc062723c751e8b465ee728b)  -> (artifact id: '36f52c772affb0edb6471563daf929de') in 0.014191 seconds
  Import took 0.018493 seconds .

========================================================================
Received Import Request.
  Time since last request: 0.000312 seconds.
  path: Assets/Alstra Infinite/Fish - PolyPack/Prefabs/FishV2.prefab
  artifactKey: Guid(67de17aaa6711224f80123d9b1ef8cb7) Importer(815301076,1909f56bfc062723c751e8b465ee728b)
Start importing Assets/Alstra Infinite/Fish - PolyPack/Prefabs/FishV2.prefab using Guid(67de17aaa6711224f80123d9b1ef8cb7) Importer(815301076,1909f56bfc062723c751e8b465ee728b)  -> (artifact id: 'b36a43bba7082fb2e85ee4fc258cc0f0') in 0.012696 seconds
  Import took 0.017806 seconds .

========================================================================
Received Import Request.
  Time since last request: 0.000660 seconds.
  path: Assets/Alstra Infinite/Fish - PolyPack/Prefabs/FishV3.prefab
  artifactKey: Guid(de500f6b90f89bc4c87a6585b2dea01a) Importer(815301076,1909f56bfc062723c751e8b465ee728b)
Start importing Assets/Alstra Infinite/Fish - PolyPack/Prefabs/FishV3.prefab using Guid(de500f6b90f89bc4c87a6585b2dea01a) Importer(815301076,1909f56bfc062723c751e8b465ee728b)  -> (artifact id: '4786fac13e8e30aeee8a1c62a64517b2') in 0.014140 seconds
  Import took 0.021063 seconds .

========================================================================
Received Import Request.
  Time since last request: 0.000326 seconds.
  path: Assets/Alstra Infinite/Fish - PolyPack/Prefabs/SharkV1.prefab
  artifactKey: Guid(2fb93ff3c1250a74ca5f53a6bc162675) Importer(815301076,1909f56bfc062723c751e8b465ee728b)
Start importing Assets/Alstra Infinite/Fish - PolyPack/Prefabs/SharkV1.prefab using Guid(2fb93ff3c1250a74ca5f53a6bc162675) Importer(815301076,1909f56bfc062723c751e8b465ee728b)  -> (artifact id: '382c389c8fd4af84c4b5cc92e3cd7bc6') in 0.015770 seconds
  Import took 0.023402 seconds .

========================================================================
Received Import Request.
  Time since last request: 3.434707 seconds.
  path: Assets/ModularFirstPersonController
  artifactKey: Guid(2853072e776208f4bada93920924f72f) Importer(815301076,1909f56bfc062723c751e8b465ee728b)
Start importing Assets/ModularFirstPersonController using Guid(2853072e776208f4bada93920924f72f) Importer(815301076,1909f56bfc062723c751e8b465ee728b)  -> (artifact id: '69fff4873ae2f4293eb52dfabc4cbf5a') in 0.005955 seconds
  Import took 0.010808 seconds .

========================================================================
Received Import Request.
  Time since last request: 2.312285 seconds.
  path: Assets/ModularFirstPersonController/FirstPersonController
  artifactKey: Guid(f37b4faf82d1edb47811f804ec33f9da) Importer(815301076,1909f56bfc062723c751e8b465ee728b)
Start importing Assets/ModularFirstPersonController/FirstPersonController using Guid(f37b4faf82d1edb47811f804ec33f9da) Importer(815301076,1909f56bfc062723c751e8b465ee728b)  -> (artifact id: 'ff63d7d72f2b3a1f9d4f6f4757373b64') in 0.007425 seconds
  Import took 0.012070 seconds .

========================================================================
Received Import Request.
  Time since last request: 0.227255 seconds.
  path: Assets/ModularFirstPersonController/FirstPersonController/CircleReticle.png
  artifactKey: Guid(be4ce60e2c9768c44b9b10b9c5258045) Importer(815301076,1909f56bfc062723c751e8b465ee728b)
Start importing Assets/ModularFirstPersonController/FirstPersonController/CircleReticle.png using Guid(be4ce60e2c9768c44b9b10b9c5258045) Importer(815301076,1909f56bfc062723c751e8b465ee728b)  -> (artifact id: '77496d005cfebb7b64ace53e7e656ba7') in 0.083128 seconds
  Import took 0.088238 seconds .

========================================================================
Received Import Request.
  Time since last request: 0.000353 seconds.
  path: Assets/ModularFirstPersonController/FirstPersonController/FirstPersonController.prefab
  artifactKey: Guid(6bacecc4f3df9584198879c73a6b6c36) Importer(815301076,1909f56bfc062723c751e8b465ee728b)
Start importing Assets/ModularFirstPersonController/FirstPersonController/FirstPersonController.prefab using Guid(6bacecc4f3df9584198879c73a6b6c36) Importer(815301076,1909f56bfc062723c751e8b465ee728b)  -> (artifact id: '0707e01fd9aacb8411d818262a5d4d6f') in 0.018913 seconds
  Import took 0.023784 seconds .

========================================================================
Received Import Request.
  Time since last request: 3.091521 seconds.
  path: Assets/ModularFirstPersonController/DemoScene
  artifactKey: Guid(7d2c7648db4398a488c3e3a2d79fab5f) Importer(815301076,1909f56bfc062723c751e8b465ee728b)
Start importing Assets/ModularFirstPersonController/DemoScene using Guid(7d2c7648db4398a488c3e3a2d79fab5f) Importer(815301076,1909f56bfc062723c751e8b465ee728b)  -> (artifact id: '1d8d37ebc9b6aa06c8888a501cf664d3') in 0.006672 seconds
  Import took 0.013051 seconds .

========================================================================
Received Import Request.
  Time since last request: 1.371979 seconds.
  path: Assets/ModularFirstPersonController/DemoScene/Gridbox Prototype Materials
  artifactKey: Guid(2807a3fa4a5ba6442a3fd6dc9d42c05f) Importer(815301076,1909f56bfc062723c751e8b465ee728b)
Start importing Assets/ModularFirstPersonController/DemoScene/Gridbox Prototype Materials using Guid(2807a3fa4a5ba6442a3fd6dc9d42c05f) Importer(815301076,1909f56bfc062723c751e8b465ee728b)  -> (artifact id: '6ad5e69a8b173d16eb8d6a3875ca6417') in 0.006060 seconds
  Import took 0.011513 seconds .

========================================================================
Received Import Request.
  Time since last request: 0.613578 seconds.
  path: Assets/ModularFirstPersonController/DemoScene/Gridbox Prototype Materials/Resources
  artifactKey: Guid(8d1c710911d4cd54c940b4db8ea99a02) Importer(815301076,1909f56bfc062723c751e8b465ee728b)
Start importing Assets/ModularFirstPersonController/DemoScene/Gridbox Prototype Materials/Resources using Guid(8d1c710911d4cd54c940b4db8ea99a02) Importer(815301076,1909f56bfc062723c751e8b465ee728b)  -> (artifact id: '400b636304e8103392822c3091c4df30') in 0.007182 seconds
  Import took 0.012847 seconds .

========================================================================
Received Import Request.
  Time since last request: 1.550305 seconds.
  path: Assets/ModularFirstPersonController/DemoScene/Gridbox Prototype Materials/Resources/ProBuilder Data
  artifactKey: Guid(75b6dac83d69dbd43b8515fcd889129c) Importer(815301076,1909f56bfc062723c751e8b465ee728b)
Start importing Assets/ModularFirstPersonController/DemoScene/Gridbox Prototype Materials/Resources/ProBuilder Data using Guid(75b6dac83d69dbd43b8515fcd889129c) Importer(815301076,1909f56bfc062723c751e8b465ee728b)  -> (artifact id: '1f08b02c1841679328e6bb66cb924362') in 0.007361 seconds
  Import took 0.012271 seconds .

========================================================================
Received Import Request.
  Time since last request: 0.043798 seconds.
  path: Assets/ModularFirstPersonController/DemoScene/Gridbox Prototype Materials/Resources/ProBuilder Data/Prototype Materials.asset
  artifactKey: Guid(bf95d34ab83b5ac40911f9e77a91a236) Importer(815301076,1909f56bfc062723c751e8b465ee728b)
Start importing Assets/ModularFirstPersonController/DemoScene/Gridbox Prototype Materials/Resources/ProBuilder Data/Prototype Materials.asset using Guid(bf95d34ab83b5ac40911f9e77a91a236) Importer(815301076,1909f56bfc062723c751e8b465ee728b)  -> (artifact id: '901f1fb1f97d30913641e5f654c685cb') in 0.008481 seconds
  Import took 0.013399 seconds .

========================================================================
Received Import Request.
  Time since last request: 2.726138 seconds.
  path: Assets/ModularFirstPersonController/DemoScene/Gridbox Prototype Materials/Resources/Materials
  artifactKey: Guid(cab0486873751c3439bc88f33c84dea7) Importer(815301076,1909f56bfc062723c751e8b465ee728b)
Start importing Assets/ModularFirstPersonController/DemoScene/Gridbox Prototype Materials/Resources/Materials using Guid(cab0486873751c3439bc88f33c84dea7) Importer(815301076,1909f56bfc062723c751e8b465ee728b)  -> (artifact id: 'bf41db647716c77adefe35a09fc25556') in 0.007103 seconds
  Import took 0.012991 seconds .

========================================================================
Received Prepare
Registering precompiled user dll's ...
Registered in 0.005512 seconds.
Begin MonoManager ReloadAssembly
Symbol file LoadedFromMemory doesn't match image D:\Github\Flocking\Flocking\Library\PackageCache\com.unity.visualscripting@1.6.1\Editor\VisualScripting.Core\Dependencies\YamlDotNet\Unity.VisualScripting.YamlDotNet.dll
Symbol file LoadedFromMemory doesn't match image D:\Github\Flocking\Flocking\Library\PackageCache\com.unity.visualscripting@1.6.1\Editor\VisualScripting.Core\Dependencies\DotNetZip\Unity.VisualScripting.IonicZip.dll
Native extension for WindowsStandalone target not found
Refreshing native plugins compatible for Editor in 0.54 ms, found 3 plugins.
Preloading 0 native plugins for Editor in 0.00 ms.
[Auto Package] : Checking if required packages are included
UnityEngine.StackTraceUtility:ExtractStackTrace ()
UnityEngine.DebugLogHandler:LogFormat (UnityEngine.LogType,UnityEngine.Object,string,object[])
UnityEngine.Logger:Log (UnityEngine.LogType,object)
UnityEngine.Debug:Log (object)
PackageChecker:CheckPackage ()

[Auto Package] : Couldn't find the packages list. Be sure there is a file called PackageImportList in your project
UnityEngine.StackTraceUtility:ExtractStackTrace ()
UnityEngine.DebugLogHandler:LogFormat (UnityEngine.LogType,UnityEngine.Object,string,object[])
UnityEngine.Logger:Log (UnityEngine.LogType,object)
UnityEngine.Debug:LogError (object)
PackageChecker:CheckPackage ()

Mono: successfully reloaded assembly
- Completed reload, in  0.933 seconds
Platform modules already initialized, skipping
Refreshing native plugins compatible for Editor in 0.71 ms, found 3 plugins.
Preloading 0 native plugins for Editor in 0.00 ms.
Unloading 2937 Unused Serialized files (Serialized files now loaded: 0)
System memory in use before: 123.0 MB.
System memory in use after: 123.2 MB.

Unloading 19 unused Assets to reduce memory usage. Loaded Objects now: 3458.
Total: 2.027700 ms (FindLiveObjects: 0.247300 ms CreateObjectMapping: 0.113300 ms MarkObjects: 1.614600 ms  DeleteObjects: 0.051500 ms)

========================================================================
Received Prepare
Registering precompiled user dll's ...
Registered in 0.006224 seconds.
Begin MonoManager ReloadAssembly
Symbol file LoadedFromMemory doesn't match image D:\Github\Flocking\Flocking\Library\PackageCache\com.unity.visualscripting@1.6.1\Editor\VisualScripting.Core\Dependencies\YamlDotNet\Unity.VisualScripting.YamlDotNet.dll
Symbol file LoadedFromMemory doesn't match image D:\Github\Flocking\Flocking\Library\PackageCache\com.unity.visualscripting@1.6.1\Editor\VisualScripting.Core\Dependencies\DotNetZip\Unity.VisualScripting.IonicZip.dll
Native extension for WindowsStandalone target not found
Refreshing native plugins compatible for Editor in 0.56 ms, found 3 plugins.
Preloading 0 native plugins for Editor in 0.00 ms.
[Auto Package] : Checking if required packages are included
UnityEngine.StackTraceUtility:ExtractStackTrace ()
UnityEngine.DebugLogHandler:LogFormat (UnityEngine.LogType,UnityEngine.Object,string,object[])
UnityEngine.Logger:Log (UnityEngine.LogType,object)
UnityEngine.Debug:Log (object)
PackageChecker:CheckPackage ()

[Auto Package] : Couldn't find the packages list. Be sure there is a file called PackageImportList in your project
UnityEngine.StackTraceUtility:ExtractStackTrace ()
UnityEngine.DebugLogHandler:LogFormat (UnityEngine.LogType,UnityEngine.Object,string,object[])
UnityEngine.Logger:Log (UnityEngine.LogType,object)
UnityEngine.Debug:LogError (object)
PackageChecker:CheckPackage ()

Mono: successfully reloaded assembly
- Completed reload, in  0.946 seconds
Platform modules already initialized, skipping
Refreshing native plugins compatible for Editor in 0.62 ms, found 3 plugins.
Preloading 0 native plugins for Editor in 0.00 ms.
Unloading 2937 Unused Serialized files (Serialized files now loaded: 0)
System memory in use before: 123.0 MB.
System memory in use after: 123.2 MB.

Unloading 19 unused Assets to reduce memory usage. Loaded Objects now: 3461.
Total: 2.346900 ms (FindLiveObjects: 0.276900 ms CreateObjectMapping: 0.109100 ms MarkObjects: 1.911500 ms  DeleteObjects: 0.048800 ms)

AssetImportWorkerClient::OnTransportError - code=2 error=End of file
