Using pre-set license
Built from '2020.3/staging' branch; Version is '2020.3.11f1 (99c7afb366b3) revision 10078127'; Using compiler version '192528614'; Build Type 'Release'
OS: 'Windows 10 Education; OS build 19043.1110; Version 2009; 64bit' Language: 'es' Physical Memory: 8118 MB
BatchMode: 1, IsHumanControllingUs: 0, StartBugReporterOnCrash: 0, Is64bit: 1, IsPro: 0

 COMMAND LINE ARGUMENTS:
C:\Program Files\Unity\Hub\Editor\2020.3.11f1\Editor\Unity.exe
-adb2
-batchMode
-noUpm
-name
AssetImportWorker0
-projectPath
C:/Users/marcpl2/Documents/GitHub/Flocking/Flocking
-logFile
Logs/AssetImportWorker0.log
-srvPort
52597
Successfully changed project path to: C:/Users/marcpl2/Documents/GitHub/Flocking/Flocking
C:/Users/marcpl2/Documents/GitHub/Flocking/Flocking
Using Asset Import Pipeline V2.
Refreshing native plugins compatible for Editor in 134.35 ms, found 3 plugins.
Preloading 0 native plugins for Editor in 0.00 ms.
Initialize engine version: 2020.3.11f1 (99c7afb366b3)
[Subsystems] Discovering subsystems at path C:/Program Files/Unity/Hub/Editor/2020.3.11f1/Editor/Data/Resources/UnitySubsystems
[Subsystems] Discovering subsystems at path C:/Users/marcpl2/Documents/GitHub/Flocking/Flocking/Assets
GfxDevice: creating device client; threaded=0
Direct3D:
    Version:  Direct3D 11.0 [level 10.0]
    Renderer: NVIDIA Quadro FX 580 (ID=0x659)
    Vendor:   
    VRAM:     481 MB
    Driver:   9.18.13.4174
Initialize mono
Mono path[0] = 'C:/Program Files/Unity/Hub/Editor/2020.3.11f1/Editor/Data/Managed'
Mono path[1] = 'C:/Program Files/Unity/Hub/Editor/2020.3.11f1/Editor/Data/MonoBleedingEdge/lib/mono/unityjit'
Mono config path = 'C:/Program Files/Unity/Hub/Editor/2020.3.11f1/Editor/Data/MonoBleedingEdge/etc'
Using monoOptions --debugger-agent=transport=dt_socket,embedding=1,server=y,suspend=n,address=127.0.0.1:56988
Begin MonoManager ReloadAssembly
Registering precompiled unity dll's ...
Register platform support module: C:/Program Files/Unity/Hub/Editor/2020.3.11f1/Editor/Data/PlaybackEngines/MacStandaloneSupport/UnityEditor.OSXStandalone.Extensions.dll
Register platform support module: C:/Program Files/Unity/Hub/Editor/2020.3.11f1/Editor/Data/PlaybackEngines/WindowsStandaloneSupport/UnityEditor.WindowsStandalone.Extensions.dll
Registered in 0.002571 seconds.
Native extension for WindowsStandalone target not found
Native extension for OSXStandalone target not found
Refreshing native plugins compatible for Editor in 130.55 ms, found 3 plugins.
Preloading 0 native plugins for Editor in 0.00 ms.
Mono: successfully reloaded assembly
- Completed reload, in  3.093 seconds
Platform modules already initialized, skipping
Registering precompiled user dll's ...
Registered in 0.006839 seconds.
Begin MonoManager ReloadAssembly
Native extension for WindowsStandalone target not found
Native extension for OSXStandalone target not found
Refreshing native plugins compatible for Editor in 0.80 ms, found 3 plugins.
Preloading 0 native plugins for Editor in 0.00 ms.
Mono: successfully reloaded assembly
- Completed reload, in  1.734 seconds
Platform modules already initialized, skipping
========================================================================
Worker process is ready to serve import requests
Launched and connected shader compiler UnityShaderCompiler.exe after 0.05 seconds
Refreshing native plugins compatible for Editor in 0.84 ms, found 3 plugins.
Preloading 0 native plugins for Editor in 0.00 ms.
Unloading 2940 Unused Serialized files (Serialized files now loaded: 0)
System memory in use before: 104.2 MB.
System memory in use after: 104.4 MB.

Unloading 23 unused Assets to reduce memory usage. Loaded Objects now: 3368.
Total: 3.042700 ms (FindLiveObjects: 0.323300 ms CreateObjectMapping: 0.160900 ms MarkObjects: 2.434500 ms  DeleteObjects: 0.122100 ms)

========================================================================
Received Import Request.
  path: Assets/Scenes/SampleScene.unity
  artifactKey: Guid(9fc0d4010bbf28b4594072e72b8655ab) Importer(815301076,1909f56bfc062723c751e8b465ee728b)
Start importing Assets/Scenes/SampleScene.unity using Guid(9fc0d4010bbf28b4594072e72b8655ab) Importer(815301076,1909f56bfc062723c751e8b465ee728b)  -> (artifact id: 'd12e44df18f0930b53f2f25b4899f36f') in 0.018682 seconds
  Import took 0.024708 seconds .

========================================================================
Received Import Request.
  Time since last request: 3.036651 seconds.
  path: Assets/Scenes/FlockingScene.unity
  artifactKey: Guid(9fc0d4010bbf28b4594072e72b8655ab) Importer(815301076,1909f56bfc062723c751e8b465ee728b)
Start importing Assets/Scenes/FlockingScene.unity using Guid(9fc0d4010bbf28b4594072e72b8655ab) Importer(815301076,1909f56bfc062723c751e8b465ee728b)  -> (artifact id: '0ac5a3393a7e9274ca9cecc02c3d32cf') in 0.012323 seconds
  Import took 0.020022 seconds .

========================================================================
Received Import Request.
  Time since last request: 73.945272 seconds.
  path: Assets/Textures
  artifactKey: Guid(41c8a1b135f092b4590e56d4e57389a5) Importer(815301076,1909f56bfc062723c751e8b465ee728b)
Start importing Assets/Textures using Guid(41c8a1b135f092b4590e56d4e57389a5) Importer(815301076,1909f56bfc062723c751e8b465ee728b)  -> (artifact id: '6c347809b0d89b6923608ffc74d12ae1') in 0.013279 seconds
  Import took 0.021268 seconds .

========================================================================
Received Import Request.
  Time since last request: 7.777690 seconds.
  path: Assets/Flocking
  artifactKey: Guid(81d9ca24c07956e4d978793d2df07e44) Importer(815301076,1909f56bfc062723c751e8b465ee728b)
Start importing Assets/Flocking using Guid(81d9ca24c07956e4d978793d2df07e44) Importer(815301076,1909f56bfc062723c751e8b465ee728b)  -> (artifact id: 'f97dfb8815413ea194b7e0bd4f14a513') in 0.010191 seconds
  Import took 0.016300 seconds .

========================================================================
Received Prepare
Registering precompiled user dll's ...
Registered in 0.006842 seconds.
Begin MonoManager ReloadAssembly
Native extension for WindowsStandalone target not found
Native extension for OSXStandalone target not found
Refreshing native plugins compatible for Editor in 0.84 ms, found 3 plugins.
Preloading 0 native plugins for Editor in 0.00 ms.
Mono: successfully reloaded assembly
- Completed reload, in  1.754 seconds
Platform modules already initialized, skipping
Refreshing native plugins compatible for Editor in 1.38 ms, found 3 plugins.
Preloading 0 native plugins for Editor in 0.00 ms.
Unloading 2935 Unused Serialized files (Serialized files now loaded: 0)
System memory in use before: 104.2 MB.
System memory in use after: 104.4 MB.

Unloading 18 unused Assets to reduce memory usage. Loaded Objects now: 3371.
Total: 3.119600 ms (FindLiveObjects: 0.354500 ms CreateObjectMapping: 0.180300 ms MarkObjects: 2.506800 ms  DeleteObjects: 0.076200 ms)

========================================================================
Received Prepare
Registering precompiled user dll's ...
Registered in 0.007197 seconds.
Begin MonoManager ReloadAssembly
Native extension for WindowsStandalone target not found
Native extension for OSXStandalone target not found
Refreshing native plugins compatible for Editor in 0.86 ms, found 3 plugins.
Preloading 0 native plugins for Editor in 0.00 ms.
Mono: successfully reloaded assembly
- Completed reload, in  1.558 seconds
Platform modules already initialized, skipping
Refreshing native plugins compatible for Editor in 0.96 ms, found 3 plugins.
Preloading 0 native plugins for Editor in 0.00 ms.
Unloading 2935 Unused Serialized files (Serialized files now loaded: 0)
System memory in use before: 104.2 MB.
System memory in use after: 104.4 MB.

Unloading 18 unused Assets to reduce memory usage. Loaded Objects now: 3374.
Total: 3.234700 ms (FindLiveObjects: 0.326700 ms CreateObjectMapping: 0.163600 ms MarkObjects: 2.668900 ms  DeleteObjects: 0.073800 ms)

========================================================================
Received Import Request.
  Time since last request: 39.299240 seconds.
  path: Assets/Dreamhouse.fbx
  artifactKey: Guid(576dbe8554b90224c8f1afa93a107a3a) Importer(815301076,1909f56bfc062723c751e8b465ee728b)
Start importing Assets/Dreamhouse.fbx using Guid(576dbe8554b90224c8f1afa93a107a3a) Importer(815301076,1909f56bfc062723c751e8b465ee728b)  -> (artifact id: '3ab1590cc71385801755456cf271adf7') in 1.423580 seconds
  Import took 1.433492 seconds .

========================================================================
Received Import Request.
  Time since last request: 29.941264 seconds.
  path: Assets/Textures/6o7lapices.jpg
  artifactKey: Guid(f6822ad54a400a04889cb6145fba2930) Importer(815301076,1909f56bfc062723c751e8b465ee728b)
Start importing Assets/Textures/6o7lapices.jpg using Guid(f6822ad54a400a04889cb6145fba2930) Importer(815301076,1909f56bfc062723c751e8b465ee728b)  -> (artifact id: 'af79fb1a9934d9a86c5cf8143dd1ab9e') in 0.055568 seconds
  Import took 0.062739 seconds .

========================================================================
Received Import Request.
  Time since last request: 0.000310 seconds.
  path: Assets/Textures/Lateral.psd
  artifactKey: Guid(03f4baddd49ba9742aa6edbbbac0f83d) Importer(815301076,1909f56bfc062723c751e8b465ee728b)
Start importing Assets/Textures/Lateral.psd using Guid(03f4baddd49ba9742aa6edbbbac0f83d) Importer(815301076,1909f56bfc062723c751e8b465ee728b)  -> (artifact id: '828cfbbfe324f6e30dcba9e2845843d0') in 0.024814 seconds
  Import took 0.031769 seconds .

========================================================================
Received Import Request.
  Time since last request: 0.000275 seconds.
  path: Assets/Textures/atari.jpg
  artifactKey: Guid(3a4b7dcbf3a818c44b35a645a7d006ff) Importer(815301076,1909f56bfc062723c751e8b465ee728b)
Start importing Assets/Textures/atari.jpg using Guid(3a4b7dcbf3a818c44b35a645a7d006ff) Importer(815301076,1909f56bfc062723c751e8b465ee728b)  -> (artifact id: 'f278beb8890ec1c5162818ba48b3328e') in 0.029873 seconds
  Import took 0.036493 seconds .

========================================================================
Received Import Request.
  Time since last request: 0.000343 seconds.
  path: Assets/Textures/Iris_R.psd
  artifactKey: Guid(6c01c4cbd246c84428790405a3c80751) Importer(815301076,1909f56bfc062723c751e8b465ee728b)
Start importing Assets/Textures/Iris_R.psd using Guid(6c01c4cbd246c84428790405a3c80751) Importer(815301076,1909f56bfc062723c751e8b465ee728b)  -> (artifact id: '40db2d593c3f70fa59f8f23fbee26bac') in 0.055288 seconds
  Import took 0.062504 seconds .

========================================================================
Received Import Request.
  Time since last request: 0.000273 seconds.
  path: Assets/Textures/bolsaplastico.jpg
  artifactKey: Guid(49869ab392aa0f8489f9a92082d05a9f) Importer(815301076,1909f56bfc062723c751e8b465ee728b)
Start importing Assets/Textures/bolsaplastico.jpg using Guid(49869ab392aa0f8489f9a92082d05a9f) Importer(815301076,1909f56bfc062723c751e8b465ee728b)  -> (artifact id: '740c30745107670aac4b8d7197fefecd') in 0.035567 seconds
  Import took 0.044091 seconds .

========================================================================
Received Import Request.
  Time since last request: 0.000427 seconds.
  path: Assets/Textures/spacewall.psd
  artifactKey: Guid(bd5b44041cd355443b5b8b8b9532ea44) Importer(815301076,1909f56bfc062723c751e8b465ee728b)
Start importing Assets/Textures/spacewall.psd using Guid(bd5b44041cd355443b5b8b8b9532ea44) Importer(815301076,1909f56bfc062723c751e8b465ee728b)  -> (artifact id: '670577e0d3d04c536eefc9298e22da24') in 0.024775 seconds
  Import took 0.030583 seconds .

========================================================================
Received Import Request.
  Time since last request: 0.000300 seconds.
  path: Assets/Textures/tejio.bmp
  artifactKey: Guid(dc3a3390ce9fba74e8a83cbbe2fae272) Importer(815301076,1909f56bfc062723c751e8b465ee728b)
Start importing Assets/Textures/tejio.bmp using Guid(dc3a3390ce9fba74e8a83cbbe2fae272) Importer(815301076,1909f56bfc062723c751e8b465ee728b)  -> (artifact id: '9b001ba7b9af109f3e6e48d1005b75e5') in 0.036176 seconds
  Import took 0.041874 seconds .

========================================================================
Received Import Request.
  Time since last request: 0.000466 seconds.
  path: Assets/Textures/madf.bmp
  artifactKey: Guid(aacb3d6ef95b1f54194081340dacf299) Importer(815301076,1909f56bfc062723c751e8b465ee728b)
Start importing Assets/Textures/madf.bmp using Guid(aacb3d6ef95b1f54194081340dacf299) Importer(815301076,1909f56bfc062723c751e8b465ee728b)  -> (artifact id: '8353d57ef3801f27deb4201d78611d88') in 0.060137 seconds
  Import took 0.066541 seconds .

========================================================================
Received Import Request.
  Time since last request: 0.000408 seconds.
  path: Assets/Textures/murl.bmp
  artifactKey: Guid(9667dd794c99275489aed3b898c40ee9) Importer(815301076,1909f56bfc062723c751e8b465ee728b)
Start importing Assets/Textures/murl.bmp using Guid(9667dd794c99275489aed3b898c40ee9) Importer(815301076,1909f56bfc062723c751e8b465ee728b)  -> (artifact id: 'd4f143fdd143d15bf29791741cc3506e') in 0.041592 seconds
  Import took 0.051305 seconds .

========================================================================
Received Import Request.
  Time since last request: 0.000473 seconds.
  path: Assets/Textures/tejim.bmp
  artifactKey: Guid(ba84b9ad726ec1746b3225191d6379f4) Importer(815301076,1909f56bfc062723c751e8b465ee728b)
Start importing Assets/Textures/tejim.bmp using Guid(ba84b9ad726ec1746b3225191d6379f4) Importer(815301076,1909f56bfc062723c751e8b465ee728b)  -> (artifact id: 'c578b7a795099d85f343f3b11ee4bb0a') in 0.041230 seconds
  Import took 0.048453 seconds .

========================================================================
Received Import Request.
  Time since last request: 0.000347 seconds.
  path: Assets/Textures/beachball.JPG
  artifactKey: Guid(5fdead9bc362efc4e857e8cf670c5800) Importer(815301076,1909f56bfc062723c751e8b465ee728b)
Start importing Assets/Textures/beachball.JPG using Guid(5fdead9bc362efc4e857e8cf670c5800) Importer(815301076,1909f56bfc062723c751e8b465ee728b)  -> (artifact id: '9e9a57399bb40b62e71dd676f3093de4') in 0.025386 seconds
  Import took 0.032062 seconds .

========================================================================
Received Import Request.
  Time since last request: 0.000273 seconds.
  path: Assets/Textures/DD_PlasmaTV_PB4.jpg
  artifactKey: Guid(43008b70f2330554ea32b32ac66aa7db) Importer(815301076,1909f56bfc062723c751e8b465ee728b)
Start importing Assets/Textures/DD_PlasmaTV_PB4.jpg using Guid(43008b70f2330554ea32b32ac66aa7db) Importer(815301076,1909f56bfc062723c751e8b465ee728b)  -> (artifact id: '5a0559cb91dd82e67d6dc03718dcd368') in 0.029311 seconds
  Import took 0.037914 seconds .

========================================================================
Received Import Request.
  Time since last request: 0.000333 seconds.
  path: Assets/Textures/per_pixel_light_front.bmp
  artifactKey: Guid(a5623735ca39bc348b243a6e20b77dd5) Importer(815301076,1909f56bfc062723c751e8b465ee728b)
Start importing Assets/Textures/per_pixel_light_front.bmp using Guid(a5623735ca39bc348b243a6e20b77dd5) Importer(815301076,1909f56bfc062723c751e8b465ee728b)  -> (artifact id: '6a3049008309e14941a34031ee6044d0') in 0.017670 seconds
  Import took 0.023677 seconds .

========================================================================
Received Import Request.
  Time since last request: 0.000377 seconds.
  path: Assets/Textures/snescollection.jpg
  artifactKey: Guid(030ddf8f6cbdd1e468fca7d080f5ebb9) Importer(815301076,1909f56bfc062723c751e8b465ee728b)
Start importing Assets/Textures/snescollection.jpg using Guid(030ddf8f6cbdd1e468fca7d080f5ebb9) Importer(815301076,1909f56bfc062723c751e8b465ee728b)  -> (artifact id: 'df2feecf8731de1ec549c21f0d9ca820') in 0.023868 seconds
  Import took 0.030242 seconds .

========================================================================
Received Import Request.
  Time since last request: 0.000392 seconds.
  path: Assets/Textures/RenderMap.tif
  artifactKey: Guid(54151c593f512a44fafa71c53fae2ce4) Importer(815301076,1909f56bfc062723c751e8b465ee728b)
Start importing Assets/Textures/RenderMap.tif using Guid(54151c593f512a44fafa71c53fae2ce4) Importer(815301076,1909f56bfc062723c751e8b465ee728b)  -> (artifact id: '4caae372513a44d6f0076b9a33fa22c0') in 0.029021 seconds
  Import took 0.035820 seconds .

========================================================================
Received Import Request.
  Time since last request: 0.000305 seconds.
  path: Assets/Textures/venusmap.jpg
  artifactKey: Guid(220c7b7efef31c24abd57295a6487842) Importer(815301076,1909f56bfc062723c751e8b465ee728b)
Start importing Assets/Textures/venusmap.jpg using Guid(220c7b7efef31c24abd57295a6487842) Importer(815301076,1909f56bfc062723c751e8b465ee728b)  -> (artifact id: '7520e4589d6985c1fab7553e0abfa89d') in 0.018436 seconds
  Import took 0.024902 seconds .

========================================================================
Received Import Request.
  Time since last request: 0.000292 seconds.
  path: Assets/Textures/dirtiwall1.jpg
  artifactKey: Guid(65c63dcb0dabb964f91dd8a0473bc19c) Importer(815301076,1909f56bfc062723c751e8b465ee728b)
Start importing Assets/Textures/dirtiwall1.jpg using Guid(65c63dcb0dabb964f91dd8a0473bc19c) Importer(815301076,1909f56bfc062723c751e8b465ee728b)  -> (artifact id: '4822f3408cc47e9433b4ae56688d3644') in 0.014812 seconds
  Import took 0.021619 seconds .

========================================================================
Received Import Request.
  Time since last request: 0.000473 seconds.
  path: Assets/Textures/Mando_color.psd
  artifactKey: Guid(132a3e154d6c35b478caf0e0154cc773) Importer(815301076,1909f56bfc062723c751e8b465ee728b)
Start importing Assets/Textures/Mando_color.psd using Guid(132a3e154d6c35b478caf0e0154cc773) Importer(815301076,1909f56bfc062723c751e8b465ee728b)  -> (artifact id: '554535f09604a1ef2a6aed03317af187') in 0.021164 seconds
  Import took 0.028017 seconds .

========================================================================
Received Import Request.
  Time since last request: 0.000278 seconds.
  path: Assets/Textures/XBOX360box.psd
  artifactKey: Guid(1cf42770fdf1cdf4d8930180a474ae2e) Importer(815301076,1909f56bfc062723c751e8b465ee728b)
Start importing Assets/Textures/XBOX360box.psd using Guid(1cf42770fdf1cdf4d8930180a474ae2e) Importer(815301076,1909f56bfc062723c751e8b465ee728b)  -> (artifact id: '2fab0ddfd4773c5a25922cd0108d3dee') in 0.014718 seconds
  Import took 0.021024 seconds .

========================================================================
Received Import Request.
  Time since last request: 0.000340 seconds.
  path: Assets/Textures/neptunemap.jpg
  artifactKey: Guid(8dff6ac854c993b4b9c8c44936f9f60b) Importer(815301076,1909f56bfc062723c751e8b465ee728b)
Start importing Assets/Textures/neptunemap.jpg using Guid(8dff6ac854c993b4b9c8c44936f9f60b) Importer(815301076,1909f56bfc062723c751e8b465ee728b)  -> (artifact id: '880af231a2de27699c43d8382ef0f4bb') in 0.017017 seconds
  Import took 0.024458 seconds .

========================================================================
Received Import Request.
  Time since last request: 0.000284 seconds.
  path: Assets/Textures/Mario_y_Yoshi_SMW.png
  artifactKey: Guid(95492b8c199742b418856d049e7965cd) Importer(815301076,1909f56bfc062723c751e8b465ee728b)
Start importing Assets/Textures/Mario_y_Yoshi_SMW.png using Guid(95492b8c199742b418856d049e7965cd) Importer(815301076,1909f56bfc062723c751e8b465ee728b)  -> (artifact id: '6e33808c6f82efd105f0a14e2959723b') in 0.019417 seconds
  Import took 0.026183 seconds .

========================================================================
Received Import Request.
  Time since last request: 0.000269 seconds.
  path: Assets/Textures/gazwood5.tga
  artifactKey: Guid(5b7b181b0094d9646b26d22c012d1bdb) Importer(815301076,1909f56bfc062723c751e8b465ee728b)
Start importing Assets/Textures/gazwood5.tga using Guid(5b7b181b0094d9646b26d22c012d1bdb) Importer(815301076,1909f56bfc062723c751e8b465ee728b)  -> (artifact id: '5cef74f8945b008b46c326b0e2192431') in 0.018242 seconds
  Import took 0.026108 seconds .

========================================================================
Received Import Request.
  Time since last request: 0.000274 seconds.
  path: Assets/Textures/mot004.jpg
  artifactKey: Guid(4f70baad2ec46f44f8c7b95d855451ec) Importer(815301076,1909f56bfc062723c751e8b465ee728b)
Start importing Assets/Textures/mot004.jpg using Guid(4f70baad2ec46f44f8c7b95d855451ec) Importer(815301076,1909f56bfc062723c751e8b465ee728b)  -> (artifact id: '2b8128ad45c5222f5b30a65020fcd0f7') in 0.021372 seconds
  Import took 0.027819 seconds .

========================================================================
Received Import Request.
  Time since last request: 0.000342 seconds.
  path: Assets/Textures/Yellow.psd
  artifactKey: Guid(b144f9f517e817342aa76a1f1c649cb0) Importer(815301076,1909f56bfc062723c751e8b465ee728b)
Start importing Assets/Textures/Yellow.psd using Guid(b144f9f517e817342aa76a1f1c649cb0) Importer(815301076,1909f56bfc062723c751e8b465ee728b)  -> (artifact id: '7c92b06afd0544a3ce851598bc164c0a') in 0.020729 seconds
  Import took 0.027520 seconds .

========================================================================
Received Import Request.
  Time since last request: 0.000278 seconds.
  path: Assets/Textures/japan-flag.gif
  artifactKey: Guid(c195e9ec7b3d7a74294fd7aef1988990) Importer(815301076,1909f56bfc062723c751e8b465ee728b)
Start importing Assets/Textures/japan-flag.gif using Guid(c195e9ec7b3d7a74294fd7aef1988990) Importer(815301076,1909f56bfc062723c751e8b465ee728b)  -> (artifact id: '2706ff4f1f60a20865c27db62d62f3de') in 0.015037 seconds
  Import took 0.021607 seconds .

========================================================================
Received Import Request.
  Time since last request: 0.000414 seconds.
  path: Assets/Textures/Green.psd
  artifactKey: Guid(a2694d6528dd7214a93a4d06c2d79e31) Importer(815301076,1909f56bfc062723c751e8b465ee728b)
Start importing Assets/Textures/Green.psd using Guid(a2694d6528dd7214a93a4d06c2d79e31) Importer(815301076,1909f56bfc062723c751e8b465ee728b)  -> (artifact id: '5d62d2cd130adb7df1700b8b94f85ea4') in 0.014806 seconds
  Import took 0.021504 seconds .

========================================================================
Received Import Request.
  Time since last request: 0.000368 seconds.
  path: Assets/Textures/NES.psd
  artifactKey: Guid(fed62624d7d702a4cb0598f8ad6ef1b6) Importer(815301076,1909f56bfc062723c751e8b465ee728b)
Start importing Assets/Textures/NES.psd using Guid(fed62624d7d702a4cb0598f8ad6ef1b6) Importer(815301076,1909f56bfc062723c751e8b465ee728b)  -> (artifact id: 'df4c1036179c8f683efbc8fc16fe52e0') in 0.013713 seconds
  Import took 0.020058 seconds .

========================================================================
Received Import Request.
  Time since last request: 0.000387 seconds.
  path: Assets/Textures/nina-y-cebra1.jpg
  artifactKey: Guid(0ea211c44d4cca84c8f197f1a4e486a9) Importer(815301076,1909f56bfc062723c751e8b465ee728b)
Start importing Assets/Textures/nina-y-cebra1.jpg using Guid(0ea211c44d4cca84c8f197f1a4e486a9) Importer(815301076,1909f56bfc062723c751e8b465ee728b)  -> (artifact id: 'd14cde73bc5ba756db3ed9a8ee2dd6b6') in 0.007012 seconds
  Import took 0.013312 seconds .

========================================================================
Received Import Request.
  Time since last request: 0.000311 seconds.
  path: Assets/Textures/Mando_colorblue.psd
  artifactKey: Guid(723e117c42aaeba4eb406916819eab69) Importer(815301076,1909f56bfc062723c751e8b465ee728b)
Start importing Assets/Textures/Mando_colorblue.psd using Guid(723e117c42aaeba4eb406916819eab69) Importer(815301076,1909f56bfc062723c751e8b465ee728b)  -> (artifact id: '569682c69b90466c6bc0cd7114dc201c') in 0.012158 seconds
  Import took 0.018120 seconds .

========================================================================
Received Import Request.
  Time since last request: 0.000476 seconds.
  path: Assets/Textures/fenderBump2.jpg
  artifactKey: Guid(10bf216318aee7c499997f6bb2ef61a0) Importer(815301076,1909f56bfc062723c751e8b465ee728b)
Start importing Assets/Textures/fenderBump2.jpg using Guid(10bf216318aee7c499997f6bb2ef61a0) Importer(815301076,1909f56bfc062723c751e8b465ee728b)  -> (artifact id: '5a3386e2cdff8ab9734acd94d1d5a600') in 0.017253 seconds
  Import took 0.023292 seconds .

========================================================================
Received Import Request.
  Time since last request: 0.000287 seconds.
  path: Assets/Textures/Red.psd
  artifactKey: Guid(5d13aece92569f643a6a532979f7f687) Importer(815301076,1909f56bfc062723c751e8b465ee728b)
Start importing Assets/Textures/Red.psd using Guid(5d13aece92569f643a6a532979f7f687) Importer(815301076,1909f56bfc062723c751e8b465ee728b)  -> (artifact id: '0038be6ef2a2161461383162bb60bdf1') in 0.013137 seconds
  Import took 0.021686 seconds .

========================================================================
Received Import Request.
  Time since last request: 0.000239 seconds.
  path: Assets/Textures/Frontal.psd
  artifactKey: Guid(9f67a1dd7f6f8fb479749b6d7599a572) Importer(815301076,1909f56bfc062723c751e8b465ee728b)
Start importing Assets/Textures/Frontal.psd using Guid(9f67a1dd7f6f8fb479749b6d7599a572) Importer(815301076,1909f56bfc062723c751e8b465ee728b)  -> (artifact id: '0f331fb8a591df2c8bf9accf3ad3528a') in 0.023114 seconds
  Import took 0.029192 seconds .

========================================================================
Received Import Request.
  Time since last request: 0.000299 seconds.
  path: Assets/Textures/MADE2b.JPG
  artifactKey: Guid(26f21eb4f6ae3774f8e59a75b931b281) Importer(815301076,1909f56bfc062723c751e8b465ee728b)
Start importing Assets/Textures/MADE2b.JPG using Guid(26f21eb4f6ae3774f8e59a75b931b281) Importer(815301076,1909f56bfc062723c751e8b465ee728b)  -> (artifact id: 'a0d1cf9769fc372813fa59c9a287c685') in 0.012556 seconds
  Import took 0.018852 seconds .

========================================================================
Received Import Request.
  Time since last request: 0.000385 seconds.
  path: Assets/Textures/MADE9b.JPG
  artifactKey: Guid(0a3adc5b676bd3c4a9ea30928b255c30) Importer(815301076,1909f56bfc062723c751e8b465ee728b)
Start importing Assets/Textures/MADE9b.JPG using Guid(0a3adc5b676bd3c4a9ea30928b255c30) Importer(815301076,1909f56bfc062723c751e8b465ee728b)  -> (artifact id: '643c5a72196db1dba9366f97c7c73599') in 0.015292 seconds
  Import took 0.021589 seconds .

========================================================================
Received Import Request.
  Time since last request: 0.000316 seconds.
  path: Assets/Textures/brown_brick.jpg
  artifactKey: Guid(1dacbec2481e3a04dbd0dedf693f4ab0) Importer(815301076,1909f56bfc062723c751e8b465ee728b)
Start importing Assets/Textures/brown_brick.jpg using Guid(1dacbec2481e3a04dbd0dedf693f4ab0) Importer(815301076,1909f56bfc062723c751e8b465ee728b)  -> (artifact id: '5bd1efe011b0dd8094b0e6674a0f08e9') in 0.017494 seconds
  Import took 0.025088 seconds .

========================================================================
Received Import Request.
  Time since last request: 0.000259 seconds.
  path: Assets/Textures/Logoinicio2.jpg
  artifactKey: Guid(eb590451376faa84ab1d7a431b1f335e) Importer(815301076,1909f56bfc062723c751e8b465ee728b)
Start importing Assets/Textures/Logoinicio2.jpg using Guid(eb590451376faa84ab1d7a431b1f335e) Importer(815301076,1909f56bfc062723c751e8b465ee728b)  -> (artifact id: 'cea62e772762f3ce4999431ceb2ae326') in 0.022236 seconds
  Import took 0.028868 seconds .

========================================================================
Received Import Request.
  Time since last request: 0.000260 seconds.
  path: Assets/Textures/CuboRubik.psd
  artifactKey: Guid(ca8b44cc301b8a8449a5089e6f39a4a7) Importer(815301076,1909f56bfc062723c751e8b465ee728b)
Start importing Assets/Textures/CuboRubik.psd using Guid(ca8b44cc301b8a8449a5089e6f39a4a7) Importer(815301076,1909f56bfc062723c751e8b465ee728b)  -> (artifact id: 'b82662282df0d561354efa4f3965a8af') in 0.012178 seconds
  Import took 0.019229 seconds .

========================================================================
Received Import Request.
  Time since last request: 0.000300 seconds.
  path: Assets/Textures/InsertCoin.psd
  artifactKey: Guid(f7fb18ef6bf928241b1bc340857103c5) Importer(815301076,1909f56bfc062723c751e8b465ee728b)
Start importing Assets/Textures/InsertCoin.psd using Guid(f7fb18ef6bf928241b1bc340857103c5) Importer(815301076,1909f56bfc062723c751e8b465ee728b)  -> (artifact id: '036eed846e58a6089d19833976b274fe') in 0.016220 seconds
  Import took 0.022460 seconds .

========================================================================
Received Import Request.
  Time since last request: 0.000299 seconds.
  path: Assets/Textures/dvds-large22.jpg
  artifactKey: Guid(0df13f1008d85a2468f1d0a77061c89d) Importer(815301076,1909f56bfc062723c751e8b465ee728b)
Start importing Assets/Textures/dvds-large22.jpg using Guid(0df13f1008d85a2468f1d0a77061c89d) Importer(815301076,1909f56bfc062723c751e8b465ee728b)  -> (artifact id: '4fdb4dbb253efc5d96f9c2c6fe33ca98') in 0.016299 seconds
  Import took 0.022306 seconds .

========================================================================
Received Import Request.
  Time since last request: 0.000304 seconds.
  path: Assets/Textures/Tintin_color.psd
  artifactKey: Guid(fb511714220fbd44886543b7d8ab43e1) Importer(815301076,1909f56bfc062723c751e8b465ee728b)
Start importing Assets/Textures/Tintin_color.psd using Guid(fb511714220fbd44886543b7d8ab43e1) Importer(815301076,1909f56bfc062723c751e8b465ee728b)  -> (artifact id: 'e10936ccc2e2ea461c3dc9710bdd0211') in 0.013393 seconds
  Import took 0.020955 seconds .

========================================================================
Received Import Request.
  Time since last request: 0.000376 seconds.
  path: Assets/Textures/TEJI7u.GIF
  artifactKey: Guid(7e01664696005e741bd8328fdde7cc32) Importer(815301076,1909f56bfc062723c751e8b465ee728b)
Start importing Assets/Textures/TEJI7u.GIF using Guid(7e01664696005e741bd8328fdde7cc32) Importer(815301076,1909f56bfc062723c751e8b465ee728b)  -> (artifact id: '9dcefba385e738a2a8310931a86afa9a') in 0.025507 seconds
  Import took 0.033471 seconds .

========================================================================
Received Import Request.
  Time since last request: 0.000243 seconds.
  path: Assets/Textures/ET.jpg
  artifactKey: Guid(3f9ce668d688c964981056cec7e7c302) Importer(815301076,1909f56bfc062723c751e8b465ee728b)
Start importing Assets/Textures/ET.jpg using Guid(3f9ce668d688c964981056cec7e7c302) Importer(815301076,1909f56bfc062723c751e8b465ee728b)  -> (artifact id: '09acc468023acb25dff0c253fe8d2d07') in 0.012861 seconds
  Import took 0.019328 seconds .

========================================================================
Received Import Request.
  Time since last request: 0.000256 seconds.
  path: Assets/Textures/Blue.psd
  artifactKey: Guid(24425d1028cc1364796643eb6b12512d) Importer(815301076,1909f56bfc062723c751e8b465ee728b)
Start importing Assets/Textures/Blue.psd using Guid(24425d1028cc1364796643eb6b12512d) Importer(815301076,1909f56bfc062723c751e8b465ee728b)  -> (artifact id: '3ac1e7a581acd780fdd0a35171a3eeb0') in 0.017747 seconds
  Import took 0.026178 seconds .

========================================================================
Received Import Request.
  Time since last request: 0.000337 seconds.
  path: Assets/Textures/katana1.jpg
  artifactKey: Guid(cd14aacd40a148d4ca959a18443b4abc) Importer(815301076,1909f56bfc062723c751e8b465ee728b)
Start importing Assets/Textures/katana1.jpg using Guid(cd14aacd40a148d4ca959a18443b4abc) Importer(815301076,1909f56bfc062723c751e8b465ee728b)  -> (artifact id: '7b4e07b83471966e2803183da69c97dc') in 0.008253 seconds
  Import took 0.014642 seconds .

========================================================================
Received Import Request.
  Time since last request: 0.000399 seconds.
  path: Assets/Textures/indiana_jones_and_the_temple_of_doom.jpg
  artifactKey: Guid(d3da5393bd8c6cd48ba83338ed988b2e) Importer(815301076,1909f56bfc062723c751e8b465ee728b)
Start importing Assets/Textures/indiana_jones_and_the_temple_of_doom.jpg using Guid(d3da5393bd8c6cd48ba83338ed988b2e) Importer(815301076,1909f56bfc062723c751e8b465ee728b)  -> (artifact id: '23be7d63bf42d84aea264b69afc9254f') in 0.013046 seconds
  Import took 0.019179 seconds .

========================================================================
Received Import Request.
  Time since last request: 0.000259 seconds.
  path: Assets/Textures/wallf.bmp
  artifactKey: Guid(ef7cb2aa829064944aa28fb5c4445f55) Importer(815301076,1909f56bfc062723c751e8b465ee728b)
Start importing Assets/Textures/wallf.bmp using Guid(ef7cb2aa829064944aa28fb5c4445f55) Importer(815301076,1909f56bfc062723c751e8b465ee728b)  -> (artifact id: '0052a4b086ac073aadfb3fe9ca0ee1b8') in 0.015264 seconds
  Import took 0.021736 seconds .

========================================================================
Received Import Request.
  Time since last request: 0.000246 seconds.
  path: Assets/Textures/SesamoWall.psd
  artifactKey: Guid(b3a1fd8f7926aeb46b22296c0770e7df) Importer(815301076,1909f56bfc062723c751e8b465ee728b)
Start importing Assets/Textures/SesamoWall.psd using Guid(b3a1fd8f7926aeb46b22296c0770e7df) Importer(815301076,1909f56bfc062723c751e8b465ee728b)  -> (artifact id: 'b17eb6b5998d56713afd6ee798650811') in 0.016546 seconds
  Import took 0.023267 seconds .

========================================================================
Received Import Request.
  Time since last request: 0.000327 seconds.
  path: Assets/Textures/armytruckseat.jpg
  artifactKey: Guid(33cf7279f170f1d43b252f40c4e8fe38) Importer(815301076,1909f56bfc062723c751e8b465ee728b)
Start importing Assets/Textures/armytruckseat.jpg using Guid(33cf7279f170f1d43b252f40c4e8fe38) Importer(815301076,1909f56bfc062723c751e8b465ee728b)  -> (artifact id: 'b01b514c29a0b56b0d8085773088fbe9') in 0.012420 seconds
  Import took 0.020217 seconds .

========================================================================
Received Import Request.
  Time since last request: 0.000321 seconds.
  path: Assets/Textures/Mando.jpg
  artifactKey: Guid(1d11eb4865584d7409b6e321aab74ebc) Importer(815301076,1909f56bfc062723c751e8b465ee728b)
Start importing Assets/Textures/Mando.jpg using Guid(1d11eb4865584d7409b6e321aab74ebc) Importer(815301076,1909f56bfc062723c751e8b465ee728b)  -> (artifact id: '8d742ea1f012e037d66296effc1e334c') in 0.017320 seconds
  Import took 0.024990 seconds .

========================================================================
Received Import Request.
  Time since last request: 0.000290 seconds.
  path: Assets/Textures/Iris_I.psd
  artifactKey: Guid(2d3343a0e6e389d42beb7fc4ecb1b16b) Importer(815301076,1909f56bfc062723c751e8b465ee728b)
Start importing Assets/Textures/Iris_I.psd using Guid(2d3343a0e6e389d42beb7fc4ecb1b16b) Importer(815301076,1909f56bfc062723c751e8b465ee728b)  -> (artifact id: '0583cbebbda09b1dfeddde37cb8c4c2a') in 0.007538 seconds
  Import took 0.014338 seconds .

========================================================================
Received Import Request.
  Time since last request: 0.000245 seconds.
  path: Assets/Textures/tela1.bmp
  artifactKey: Guid(dd428638c779d1346a2430c1718c8dab) Importer(815301076,1909f56bfc062723c751e8b465ee728b)
Start importing Assets/Textures/tela1.bmp using Guid(dd428638c779d1346a2430c1718c8dab) Importer(815301076,1909f56bfc062723c751e8b465ee728b)  -> (artifact id: '199d085b4307a822b6711af7a7a5d066') in 0.022486 seconds
  Import took 0.028827 seconds .

========================================================================
Received Import Request.
  Time since last request: 0.000326 seconds.
  path: Assets/Textures/spacebola.jpg
  artifactKey: Guid(5eb09591647e4284b9d4a3e6d22f8273) Importer(815301076,1909f56bfc062723c751e8b465ee728b)
Start importing Assets/Textures/spacebola.jpg using Guid(5eb09591647e4284b9d4a3e6d22f8273) Importer(815301076,1909f56bfc062723c751e8b465ee728b)  -> (artifact id: '389e14958b3d7c02d89300c73552c15d') in 0.012918 seconds
  Import took 0.019468 seconds .

========================================================================
Received Import Request.
  Time since last request: 0.000307 seconds.
  path: Assets/Textures/earth2.jpg
  artifactKey: Guid(810493805dfae4446b517fb389f05ac9) Importer(815301076,1909f56bfc062723c751e8b465ee728b)
Start importing Assets/Textures/earth2.jpg using Guid(810493805dfae4446b517fb389f05ac9) Importer(815301076,1909f56bfc062723c751e8b465ee728b)  -> (artifact id: '77dd3a451a72062d490f19dbdaf4505b') in 0.016147 seconds
  Import took 0.022551 seconds .

========================================================================
Received Import Request.
  Time since last request: 0.000262 seconds.
  path: Assets/Textures/marsmap1k.jpg
  artifactKey: Guid(45b35e79613a88841867c255c8ae0240) Importer(815301076,1909f56bfc062723c751e8b465ee728b)
Start importing Assets/Textures/marsmap1k.jpg using Guid(45b35e79613a88841867c255c8ae0240) Importer(815301076,1909f56bfc062723c751e8b465ee728b)  -> (artifact id: '7f21d20fe181d4ad0388fc5df9348abc') in 0.016122 seconds
  Import took 0.025836 seconds .

========================================================================
Received Import Request.
  Time since last request: 0.000337 seconds.
  path: Assets/Textures/tejiv.bmp
  artifactKey: Guid(3e82e8f4ea3105b4cbebb8737b4ecf98) Importer(815301076,1909f56bfc062723c751e8b465ee728b)
Start importing Assets/Textures/tejiv.bmp using Guid(3e82e8f4ea3105b4cbebb8737b4ecf98) Importer(815301076,1909f56bfc062723c751e8b465ee728b)  -> (artifact id: 'c3ce102e9574cfb7de66d1db2fdf39f9') in 0.018248 seconds
  Import took 0.025979 seconds .

========================================================================
Received Import Request.
  Time since last request: 0.000306 seconds.
  path: Assets/Textures/chun-li_wallpaper.jpg
  artifactKey: Guid(af076609e4b9e0546b5e269d38c68a1c) Importer(815301076,1909f56bfc062723c751e8b465ee728b)
Start importing Assets/Textures/chun-li_wallpaper.jpg using Guid(af076609e4b9e0546b5e269d38c68a1c) Importer(815301076,1909f56bfc062723c751e8b465ee728b)  -> (artifact id: '0a0d3ad3ddf74c8ae0941cbe3fea44b0') in 0.018455 seconds
  Import took 0.025284 seconds .

========================================================================
Received Import Request.
  Time since last request: 0.000313 seconds.
  path: Assets/Textures/Dreamhouse.fbx
  artifactKey: Guid(576dbe8554b90224c8f1afa93a107a3a) Importer(815301076,1909f56bfc062723c751e8b465ee728b)
Start importing Assets/Textures/Dreamhouse.fbx using Guid(576dbe8554b90224c8f1afa93a107a3a) Importer(815301076,1909f56bfc062723c751e8b465ee728b)  -> (artifact id: '23638eaf90b70880018c1efe862c590a') in 1.289856 seconds
  Import took 1.301220 seconds .

========================================================================
Received Import Request.
  Time since last request: 0.000376 seconds.
  path: Assets/Textures/Gitter1h.bmp
  artifactKey: Guid(322111432bdc3ee4b885008993bfb465) Importer(815301076,1909f56bfc062723c751e8b465ee728b)
Start importing Assets/Textures/Gitter1h.bmp using Guid(322111432bdc3ee4b885008993bfb465) Importer(815301076,1909f56bfc062723c751e8b465ee728b)  -> (artifact id: '4c771f2d98f012c1bc98421727db85ec') in 0.014926 seconds
  Import took 0.020734 seconds .

========================================================================
Received Import Request.
  Time since last request: 0.000297 seconds.
  path: Assets/Textures/item0137.jpg
  artifactKey: Guid(8d933c7dde5e04c4ab6df7d18dcfc36f) Importer(815301076,1909f56bfc062723c751e8b465ee728b)
Start importing Assets/Textures/item0137.jpg using Guid(8d933c7dde5e04c4ab6df7d18dcfc36f) Importer(815301076,1909f56bfc062723c751e8b465ee728b)  -> (artifact id: 'ffe91df2927b5c0a1e0f7e1de678e44e') in 0.021847 seconds
  Import took 0.027997 seconds .

========================================================================
Received Import Request.
  Time since last request: 0.000315 seconds.
  path: Assets/Textures/madc.bmp
  artifactKey: Guid(671b2f553c16b12449ea07a0aa6f07bb) Importer(815301076,1909f56bfc062723c751e8b465ee728b)
Start importing Assets/Textures/madc.bmp using Guid(671b2f553c16b12449ea07a0aa6f07bb) Importer(815301076,1909f56bfc062723c751e8b465ee728b)  -> (artifact id: '6f23583e85d115c12b915eefd9b79b05') in 0.019131 seconds
  Import took 0.025062 seconds .

========================================================================
Received Import Request.
  Time since last request: 0.000361 seconds.
  path: Assets/Textures/marquee.psd
  artifactKey: Guid(fbaf68998acc4744a9a93a5077016595) Importer(815301076,1909f56bfc062723c751e8b465ee728b)
Start importing Assets/Textures/marquee.psd using Guid(fbaf68998acc4744a9a93a5077016595) Importer(815301076,1909f56bfc062723c751e8b465ee728b)  -> (artifact id: '3dfd2ebc491fc465e232ba85f3b20318') in 0.013563 seconds
  Import took 0.020311 seconds .

========================================================================
Received Import Request.
  Time since last request: 0.000294 seconds.
  path: Assets/Textures/MADE30b.JPG
  artifactKey: Guid(391376ba4806ae2419f343884a676bfc) Importer(815301076,1909f56bfc062723c751e8b465ee728b)
Start importing Assets/Textures/MADE30b.JPG using Guid(391376ba4806ae2419f343884a676bfc) Importer(815301076,1909f56bfc062723c751e8b465ee728b)  -> (artifact id: 'd06100c2bcb980204f9e77c5532ff431') in 0.014542 seconds
  Import took 0.022273 seconds .

========================================================================
Received Import Request.
  Time since last request: 0.000345 seconds.
  path: Assets/Textures/Iris_S.psd
  artifactKey: Guid(6e928e80ab9fce24084e9dcec3599f12) Importer(815301076,1909f56bfc062723c751e8b465ee728b)
Start importing Assets/Textures/Iris_S.psd using Guid(6e928e80ab9fce24084e9dcec3599f12) Importer(815301076,1909f56bfc062723c751e8b465ee728b)  -> (artifact id: 'b12e2140db125175512161cfc9ed4df8') in 0.007209 seconds
  Import took 0.013873 seconds .

========================================================================
Received Import Request.
  Time since last request: 0.000280 seconds.
  path: Assets/Textures/Cajones.psd
  artifactKey: Guid(ba4d1898afee6c74e8657d819d0ca745) Importer(815301076,1909f56bfc062723c751e8b465ee728b)
Start importing Assets/Textures/Cajones.psd using Guid(ba4d1898afee6c74e8657d819d0ca745) Importer(815301076,1909f56bfc062723c751e8b465ee728b)  -> (artifact id: '32f4c02b98beb9a1b31005c3ab2ec13f') in 0.013349 seconds
  Import took 0.019858 seconds .

========================================================================
Received Import Request.
  Time since last request: 0.000301 seconds.
  path: Assets/Textures/Black.psd
  artifactKey: Guid(29059e1e9fb7d3b4583b07c2f7efce4a) Importer(815301076,1909f56bfc062723c751e8b465ee728b)
Start importing Assets/Textures/Black.psd using Guid(29059e1e9fb7d3b4583b07c2f7efce4a) Importer(815301076,1909f56bfc062723c751e8b465ee728b)  -> (artifact id: '6a6b566481b9dde89eb47fa61223d4e9') in 0.016899 seconds
  Import took 0.024017 seconds .

========================================================================
Received Import Request.
  Time since last request: 0.000286 seconds.
  path: Assets/Textures/Redrum.psd
  artifactKey: Guid(9cbfc5f757d520544ae8edea0328163e) Importer(815301076,1909f56bfc062723c751e8b465ee728b)
Start importing Assets/Textures/Redrum.psd using Guid(9cbfc5f757d520544ae8edea0328163e) Importer(815301076,1909f56bfc062723c751e8b465ee728b)  -> (artifact id: 'c4ccefe41a455919f1f75aa494e720b9') in 0.014640 seconds
  Import took 0.022506 seconds .

========================================================================
Received Import Request.
  Time since last request: 418.534997 seconds.
  path: Assets/glass.mat
  artifactKey: Guid(33ef81769f6dff742ad540d50ccb7eb2) Importer(815301076,1909f56bfc062723c751e8b465ee728b)
Start importing Assets/glass.mat using Guid(33ef81769f6dff742ad540d50ccb7eb2) Importer(815301076,1909f56bfc062723c751e8b465ee728b)  -> (artifact id: '1fd2999878e492e14ad41a8ec2844c59') in 0.185602 seconds
  Import took 0.196574 seconds .

========================================================================
Received Prepare
Registering precompiled user dll's ...
Registered in 0.007305 seconds.
Begin MonoManager ReloadAssembly
Native extension for WindowsStandalone target not found
Native extension for OSXStandalone target not found
Refreshing native plugins compatible for Editor in 0.81 ms, found 3 plugins.
Preloading 0 native plugins for Editor in 0.00 ms.
Mono: successfully reloaded assembly
- Completed reload, in  1.609 seconds
Platform modules already initialized, skipping
Refreshing native plugins compatible for Editor in 0.86 ms, found 3 plugins.
Preloading 0 native plugins for Editor in 0.00 ms.
Unloading 2935 Unused Serialized files (Serialized files now loaded: 0)
System memory in use before: 108.0 MB.
System memory in use after: 108.2 MB.

Unloading 18 unused Assets to reduce memory usage. Loaded Objects now: 3426.
Total: 3.899800 ms (FindLiveObjects: 0.415000 ms CreateObjectMapping: 0.200200 ms MarkObjects: 3.067700 ms  DeleteObjects: 0.215000 ms)

AssetImportWorkerClient::OnTransportError - code=2 error=End of file
